<?xml version="1.0" encoding="UTF-8"?>
<testsuite xmlns:xsi="http://www.w3.org/2001/XMLSchema-instance" xsi:noNamespaceSchemaLocation="https://maven.apache.org/surefire/maven-surefire-plugin/xsd/surefire-test-report-3.0.xsd" version="3.0" name="com.testing.HelloWorldIntegrationTest" time="32.591" tests="1" errors="0" skipped="0" failures="0">
  <properties>
[...]
</properties>
  <testcase name="responseShouldContainHelloWorldKey" classname="com.testing.HelloWorldIntegrationTest" time="2.265">
    <system-out><![CDATA[20:01:48.219 [main] DEBUG org.springframework.test.context.junit4.SpringJUnit4ClassRunner - SpringJUnit4ClassRunner constructor called with [class com.testing.HelloWorldIntegrationTest]
20:01:48.230 [main] DEBUG org.springframework.test.context.BootstrapUtils - Instantiating CacheAwareContextLoaderDelegate from class [org.springframework.test.context.cache.DefaultCacheAwareContextLoaderDelegate]
20:01:48.246 [main] DEBUG org.springframework.test.context.BootstrapUtils - Instantiating BootstrapContext using constructor [public org.springframework.test.context.support.DefaultBootstrapContext(java.lang.Class,org.springframework.test.context.CacheAwareContextLoaderDelegate)]
20:01:48.310 [main] DEBUG org.springframework.test.context.BootstrapUtils - Instantiating TestContextBootstrapper for test class [com.testing.HelloWorldIntegrationTest] from class [org.springframework.boot.test.context.SpringBootTestContextBootstrapper]
20:01:48.365 [main] INFO org.springframework.boot.test.context.SpringBootTestContextBootstrapper - Neither @ContextConfiguration nor @ContextHierarchy found for test class [com.testing.HelloWorldIntegrationTest], using SpringBootContextLoader
20:01:48.371 [main] DEBUG org.springframework.test.context.support.AbstractContextLoader - Did not detect default resource location for test class [com.testing.HelloWorldIntegrationTest]: class path resource [com/testing/HelloWorldIntegrationTest-context.xml] does not exist
20:01:48.372 [main] DEBUG org.springframework.test.context.support.AbstractContextLoader - Did not detect default resource location for test class [com.testing.HelloWorldIntegrationTest]: class path resource [com/testing/HelloWorldIntegrationTestContext.groovy] does not exist
20:01:48.373 [main] INFO org.springframework.test.context.support.AbstractContextLoader - Could not detect default resource locations for test class [com.testing.HelloWorldIntegrationTest]: no resource found for suffixes {-context.xml, Context.groovy}.
20:01:48.374 [main] INFO org.springframework.test.context.support.AnnotationConfigContextLoaderUtils - Could not detect default configuration classes for test class [com.testing.HelloWorldIntegrationTest]: HelloWorldIntegrationTest does not declare any static, non-private, non-final, nested classes annotated with @Configuration.
20:01:48.583 [main] DEBUG org.springframework.test.context.support.ActiveProfilesUtils - Could not find an 'annotation declaring class' for annotation type [org.springframework.test.context.ActiveProfiles] and class [com.testing.HelloWorldIntegrationTest]
20:01:48.631 [main] DEBUG org.springframework.core.env.StandardEnvironment - Adding PropertySource 'systemProperties' with lowest search precedence
20:01:48.632 [main] DEBUG org.springframework.core.env.StandardEnvironment - Adding PropertySource 'systemEnvironment' with lowest search precedence
20:01:48.638 [main] DEBUG org.springframework.core.env.StandardEnvironment - Initialized StandardEnvironment with PropertySources [MapPropertySource@2074820378 {name='systemProperties', properties={java.specification.version=17, sun.jnu.encoding=UTF-8, java.class.path=/home/arnaudthovert/ECF/Activite2/spring-boot-hello-world/target/test-classes:/home/arnaudthovert/ECF/Activite2/spring-boot-hello-world/target/classes:/home/arnaudthovert/.m2/repository/org/springframework/boot/spring-boot-starter/2.0.4.RELEASE/spring-boot-starter-2.0.4.RELEASE.jar:/home/arnaudthovert/.m2/repository/org/springframework/boot/spring-boot/2.0.4.RELEASE/spring-boot-2.0.4.RELEASE.jar:/home/arnaudthovert/.m2/repository/org/springframework/spring-context/5.0.8.RELEASE/spring-context-5.0.8.RELEASE.jar:/home/arnaudthovert/.m2/repository/org/springframework/boot/spring-boot-autoconfigure/2.0.4.RELEASE/spring-boot-autoconfigure-2.0.4.RELEASE.jar:/home/arnaudthovert/.m2/repository/org/springframework/boot/spring-boot-starter-logging/2.0.4.RELEASE/spring-boot-starter-logging-2.0.4.RELEASE.jar:/home/arnaudthovert/.m2/repository/ch/qos/logback/logback-classic/1.2.3/logback-classic-1.2.3.jar:/home/arnaudthovert/.m2/repository/org/apache/logging/log4j/log4j-to-slf4j/2.10.0/log4j-to-slf4j-2.10.0.jar:/home/arnaudthovert/.m2/repository/org/apache/logging/log4j/log4j-api/2.10.0/log4j-api-2.10.0.jar:/home/arnaudthovert/.m2/repository/org/slf4j/jul-to-slf4j/1.7.25/jul-to-slf4j-1.7.25.jar:/home/arnaudthovert/.m2/repository/javax/annotation/javax.annotation-api/1.3.2/javax.annotation-api-1.3.2.jar:/home/arnaudthovert/.m2/repository/org/springframework/spring-core/5.0.8.RELEASE/spring-core-5.0.8.RELEASE.jar:/home/arnaudthovert/.m2/repository/org/springframework/spring-jcl/5.0.8.RELEASE/spring-jcl-5.0.8.RELEASE.jar:/home/arnaudthovert/.m2/repository/org/yaml/snakeyaml/1.19/snakeyaml-1.19.jar:/home/arnaudthovert/.m2/repository/org/springframework/boot/spring-boot-starter-actuator/2.0.4.RELEASE/spring-boot-starter-actuator-2.0.4.RELEASE.jar:/home/arnaudthovert/.m2/repository/org/springframework/boot/spring-boot-actuator-autoconfigure/2.0.4.RELEASE/spring-boot-actuator-autoconfigure-2.0.4.RELEASE.jar:/home/arnaudthovert/.m2/repository/org/springframework/boot/spring-boot-actuator/2.0.4.RELEASE/spring-boot-actuator-2.0.4.RELEASE.jar:/home/arnaudthovert/.m2/repository/com/fasterxml/jackson/datatype/jackson-datatype-jsr310/2.9.6/jackson-datatype-jsr310-2.9.6.jar:/home/arnaudthovert/.m2/repository/io/micrometer/micrometer-core/1.0.6/micrometer-core-1.0.6.jar:/home/arnaudthovert/.m2/repository/org/hdrhistogram/HdrHistogram/2.1.10/HdrHistogram-2.1.10.jar:/home/arnaudthovert/.m2/repository/org/latencyutils/LatencyUtils/2.0.3/LatencyUtils-2.0.3.jar:/home/arnaudthovert/.m2/repository/org/springframework/boot/spring-boot-starter-data-jpa/2.0.4.RELEASE/spring-boot-starter-data-jpa-2.0.4.RELEASE.jar:/home/arnaudthovert/.m2/repository/org/springframework/boot/spring-boot-starter-aop/2.0.4.RELEASE/spring-boot-starter-aop-2.0.4.RELEASE.jar:/home/arnaudthovert/.m2/repository/org/springframework/spring-aop/5.0.8.RELEASE/spring-aop-5.0.8.RELEASE.jar:/home/arnaudthovert/.m2/repository/org/aspectj/aspectjweaver/1.8.13/aspectjweaver-1.8.13.jar:/home/arnaudthovert/.m2/repository/org/springframework/boot/spring-boot-starter-jdbc/2.0.4.RELEASE/spring-boot-starter-jdbc-2.0.4.RELEASE.jar:/home/arnaudthovert/.m2/repository/com/zaxxer/HikariCP/2.7.9/HikariCP-2.7.9.jar:/home/arnaudthovert/.m2/repository/org/springframework/spring-jdbc/5.0.8.RELEASE/spring-jdbc-5.0.8.RELEASE.jar:/home/arnaudthovert/.m2/repository/org/hibernate/hibernate-core/5.2.17.Final/hibernate-core-5.2.17.Final.jar:/home/arnaudthovert/.m2/repository/org/jboss/logging/jboss-logging/3.3.2.Final/jboss-logging-3.3.2.Final.jar:/home/arnaudthovert/.m2/repository/org/hibernate/javax/persistence/hibernate-jpa-2.1-api/1.0.2.Final/hibernate-jpa-2.1-api-1.0.2.Final.jar:/home/arnaudthovert/.m2/repository/org/javassist/javassist/3.22.0-GA/javassist-3.22.0-GA.jar:/home/arnaudthovert/.m2/repository/antlr/antlr/2.7.7/antlr-2.7.7.jar:/home/arnaudthovert/.m2/repository/org/jboss/jandex/2.0.3.Final/jandex-2.0.3.Final.jar:/home/arnaudthovert/.m2/repository/com/fasterxml/classmate/1.3.4/classmate-1.3.4.jar:/home/arnaudthovert/.m2/repository/dom4j/dom4j/1.6.1/dom4j-1.6.1.jar:/home/arnaudthovert/.m2/repository/org/hibernate/common/hibernate-commons-annotations/5.0.1.Final/hibernate-commons-annotations-5.0.1.Final.jar:/home/arnaudthovert/.m2/repository/javax/transaction/javax.transaction-api/1.2/javax.transaction-api-1.2.jar:/home/arnaudthovert/.m2/repository/org/springframework/data/spring-data-jpa/2.0.9.RELEASE/spring-data-jpa-2.0.9.RELEASE.jar:/home/arnaudthovert/.m2/repository/org/springframework/data/spring-data-commons/2.0.9.RELEASE/spring-data-commons-2.0.9.RELEASE.jar:/home/arnaudthovert/.m2/repository/org/springframework/spring-orm/5.0.8.RELEASE/spring-orm-5.0.8.RELEASE.jar:/home/arnaudthovert/.m2/repository/org/springframework/spring-tx/5.0.8.RELEASE/spring-tx-5.0.8.RELEASE.jar:/home/arnaudthovert/.m2/repository/org/springframework/spring-beans/5.0.8.RELEASE/spring-beans-5.0.8.RELEASE.jar:/home/arnaudthovert/.m2/repository/org/slf4j/slf4j-api/1.7.25/slf4j-api-1.7.25.jar:/home/arnaudthovert/.m2/repository/org/springframework/spring-aspects/5.0.8.RELEASE/spring-aspects-5.0.8.RELEASE.jar:/home/arnaudthovert/.m2/repository/org/springframework/boot/spring-boot-starter-test/2.0.4.RELEASE/spring-boot-starter-test-2.0.4.RELEASE.jar:/home/arnaudthovert/.m2/repository/org/springframework/boot/spring-boot-test-autoconfigure/2.0.4.RELEASE/spring-boot-test-autoconfigure-2.0.4.RELEASE.jar:/home/arnaudthovert/.m2/repository/com/jayway/jsonpath/json-path/2.4.0/json-path-2.4.0.jar:/home/arnaudthovert/.m2/repository/net/minidev/json-smart/2.3/json-smart-2.3.jar:/home/arnaudthovert/.m2/repository/net/minidev/accessors-smart/1.2/accessors-smart-1.2.jar:/home/arnaudthovert/.m2/repository/org/ow2/asm/asm/5.0.4/asm-5.0.4.jar:/home/arnaudthovert/.m2/repository/junit/junit/4.12/junit-4.12.jar:/home/arnaudthovert/.m2/repository/org/hamcrest/hamcrest-core/1.3/hamcrest-core-1.3.jar:/home/arnaudthovert/.m2/repository/org/hamcrest/hamcrest-library/1.3/hamcrest-library-1.3.jar:/home/arnaudthovert/.m2/repository/org/skyscreamer/jsonassert/1.5.0/jsonassert-1.5.0.jar:/home/arnaudthovert/.m2/repository/org/xmlunit/xmlunit-core/2.5.1/xmlunit-core-2.5.1.jar:/home/arnaudthovert/.m2/repository/org/springframework/boot/spring-boot-starter-web/2.0.4.RELEASE/spring-boot-starter-web-2.0.4.RELEASE.jar:/home/arnaudthovert/.m2/repository/org/springframework/boot/spring-boot-starter-json/2.0.4.RELEASE/spring-boot-starter-json-2.0.4.RELEASE.jar:/home/arnaudthovert/.m2/repository/com/fasterxml/jackson/datatype/jackson-datatype-jdk8/2.9.6/jackson-datatype-jdk8-2.9.6.jar:/home/arnaudthovert/.m2/repository/com/fasterxml/jackson/module/jackson-module-parameter-names/2.9.6/jackson-module-parameter-names-2.9.6.jar:/home/arnaudthovert/.m2/repository/org/springframework/boot/spring-boot-starter-tomcat/2.0.4.RELEASE/spring-boot-starter-tomcat-2.0.4.RELEASE.jar:/home/arnaudthovert/.m2/repository/org/apache/tomcat/embed/tomcat-embed-core/8.5.32/tomcat-embed-core-8.5.32.jar:/home/arnaudthovert/.m2/repository/org/apache/tomcat/embed/tomcat-embed-el/8.5.32/tomcat-embed-el-8.5.32.jar:/home/arnaudthovert/.m2/repository/org/apache/tomcat/embed/tomcat-embed-websocket/8.5.32/tomcat-embed-websocket-8.5.32.jar:/home/arnaudthovert/.m2/repository/org/hibernate/validator/hibernate-validator/6.0.11.Final/hibernate-validator-6.0.11.Final.jar:/home/arnaudthovert/.m2/repository/javax/validation/validation-api/2.0.1.Final/validation-api-2.0.1.Final.jar:/home/arnaudthovert/.m2/repository/org/openjfx/javafx.base/11.0.0-SNAPSHOT/javafx.base-11.0.0-SNAPSHOT.jar:/home/arnaudthovert/.m2/repository/org/openjfx/javafx.base/11.0.0-SNAPSHOT/javafx.base-11.0.0-SNAPSHOT-linux.jar:/home/arnaudthovert/.m2/repository/org/openjfx/javafx.base/11.0.0-SNAPSHOT/javafx.base-11.0.0-SNAPSHOT-mac.jar:/home/arnaudthovert/.m2/repository/org/openjfx/javafx.base/11.0.0-SNAPSHOT/javafx.base-11.0.0-SNAPSHOT-win.jar:/home/arnaudthovert/.m2/repository/org/springframework/spring-web/5.0.8.RELEASE/spring-web-5.0.8.RELEASE.jar:/home/arnaudthovert/.m2/repository/org/springframework/spring-webmvc/5.0.8.RELEASE/spring-webmvc-5.0.8.RELEASE.jar:/home/arnaudthovert/.m2/repository/org/springframework/spring-expression/5.0.8.RELEASE/spring-expression-5.0.8.RELEASE.jar:/home/arnaudthovert/.m2/repository/com/h2database/h2/1.4.197/h2-1.4.197.jar:/home/arnaudthovert/.m2/repository/org/springframework/cloud/spring-cloud-starter-sleuth/2.0.0.RELEASE/spring-cloud-starter-sleuth-2.0.0.RELEASE.jar:/home/arnaudthovert/.m2/repository/org/springframework/cloud/spring-cloud-starter/2.0.0.RELEASE/spring-cloud-starter-2.0.0.RELEASE.jar:/home/arnaudthovert/.m2/repository/org/springframework/cloud/spring-cloud-context/2.0.0.RELEASE/spring-cloud-context-2.0.0.RELEASE.jar:/home/arnaudthovert/.m2/repository/org/springframework/security/spring-security-rsa/1.0.5.RELEASE/spring-security-rsa-1.0.5.RELEASE.jar:/home/arnaudthovert/.m2/repository/org/bouncycastle/bcpkix-jdk15on/1.56/bcpkix-jdk15on-1.56.jar:/home/arnaudthovert/.m2/repository/org/bouncycastle/bcprov-jdk15on/1.56/bcprov-jdk15on-1.56.jar:/home/arnaudthovert/.m2/repository/org/springframework/cloud/spring-cloud-sleuth-core/2.0.0.RELEASE/spring-cloud-sleuth-core-2.0.0.RELEASE.jar:/home/arnaudthovert/.m2/repository/org/aspectj/aspectjrt/1.8.13/aspectjrt-1.8.13.jar:/home/arnaudthovert/.m2/repository/io/zipkin/brave/brave/5.1.0/brave-5.1.0.jar:/home/arnaudthovert/.m2/repository/io/zipkin/brave/brave-context-log4j2/5.1.0/brave-context-log4j2-5.1.0.jar:/home/arnaudthovert/.m2/repository/io/zipkin/brave/brave-instrumentation-spring-web/5.1.0/brave-instrumentation-spring-web-5.1.0.jar:/home/arnaudthovert/.m2/repository/io/zipkin/brave/brave-instrumentation-http/5.1.0/brave-instrumentation-http-5.1.0.jar:/home/arnaudthovert/.m2/repository/io/zipkin/brave/brave-instrumentation-spring-rabbit/5.1.0/brave-instrumentation-spring-rabbit-5.1.0.jar:/home/arnaudthovert/.m2/repository/io/zipkin/brave/brave-instrumentation-kafka-clients/5.1.0/brave-instrumentation-kafka-clients-5.1.0.jar:/home/arnaudthovert/.m2/repository/io/zipkin/brave/brave-instrumentation-httpclient/5.1.0/brave-instrumentation-httpclient-5.1.0.jar:/home/arnaudthovert/.m2/repository/io/zipkin/brave/brave-instrumentation-httpasyncclient/5.1.0/brave-instrumentation-httpasyncclient-5.1.0.jar:/home/arnaudthovert/.m2/repository/io/zipkin/brave/brave-instrumentation-spring-webmvc/5.1.0/brave-instrumentation-spring-webmvc-5.1.0.jar:/home/arnaudthovert/.m2/repository/io/zipkin/brave/brave-instrumentation-servlet/5.1.0/brave-instrumentation-servlet-5.1.0.jar:/home/arnaudthovert/.m2/repository/org/springframework/cloud/spring-cloud-sleuth-zipkin/2.0.0.RELEASE/spring-cloud-sleuth-zipkin-2.0.0.RELEASE.jar:/home/arnaudthovert/.m2/repository/org/springframework/cloud/spring-cloud-commons/2.0.0.RELEASE/spring-cloud-commons-2.0.0.RELEASE.jar:/home/arnaudthovert/.m2/repository/org/springframework/security/spring-security-crypto/5.0.7.RELEASE/spring-security-crypto-5.0.7.RELEASE.jar:/home/arnaudthovert/.m2/repository/io/zipkin/zipkin2/zipkin/2.9.3/zipkin-2.9.3.jar:/home/arnaudthovert/.m2/repository/io/zipkin/reporter2/zipkin-reporter/2.7.3/zipkin-reporter-2.7.3.jar:/home/arnaudthovert/.m2/repository/io/zipkin/reporter2/zipkin-sender-kafka11/2.7.3/zipkin-sender-kafka11-2.7.3.jar:/home/arnaudthovert/.m2/repository/io/zipkin/reporter2/zipkin-sender-amqp-client/2.7.3/zipkin-sender-amqp-client-2.7.3.jar:/home/arnaudthovert/.m2/repository/commons-collections/commons-collections/3.2.2/commons-collections-3.2.2.jar:/home/arnaudthovert/.m2/repository/net/logstash/logback/logstash-logback-encoder/4.11/logstash-logback-encoder-4.11.jar:/home/arnaudthovert/.m2/repository/ch/qos/logback/logback-core/1.2.3/logback-core-1.2.3.jar:/home/arnaudthovert/.m2/repository/com/fasterxml/jackson/core/jackson-databind/2.9.6/jackson-databind-2.9.6.jar:/home/arnaudthovert/.m2/repository/javax/xml/bind/jaxb-api/2.3.1/jaxb-api-2.3.1.jar:/home/arnaudthovert/.m2/repository/javax/activation/javax.activation-api/1.2.0/javax.activation-api-1.2.0.jar:/home/arnaudthovert/.m2/repository/org/glassfish/jaxb/jaxb-runtime/2.3.3/jaxb-runtime-2.3.3.jar:/home/arnaudthovert/.m2/repository/jakarta/xml/bind/jakarta.xml.bind-api/2.3.3/jakarta.xml.bind-api-2.3.3.jar:/home/arnaudthovert/.m2/repository/org/glassfish/jaxb/txw2/2.3.3/txw2-2.3.3.jar:/home/arnaudthovert/.m2/repository/com/sun/istack/istack-commons-runtime/3.0.11/istack-commons-runtime-3.0.11.jar:/home/arnaudthovert/.m2/repository/com/sun/activation/jakarta.activation/1.2.2/jakarta.activation-1.2.2.jar:/home/arnaudthovert/.m2/repository/com/fasterxml/jackson/dataformat/jackson-dataformat-xml/2.9.6/jackson-dataformat-xml-2.9.6.jar:/home/arnaudthovert/.m2/repository/com/fasterxml/jackson/core/jackson-core/2.9.6/jackson-core-2.9.6.jar:/home/arnaudthovert/.m2/repository/com/fasterxml/jackson/core/jackson-annotations/2.9.0/jackson-annotations-2.9.0.jar:/home/arnaudthovert/.m2/repository/com/fasterxml/jackson/module/jackson-module-jaxb-annotations/2.9.6/jackson-module-jaxb-annotations-2.9.6.jar:/home/arnaudthovert/.m2/repository/org/codehaus/woodstox/stax2-api/3.1.4/stax2-api-3.1.4.jar:/home/arnaudthovert/.m2/repository/com/fasterxml/woodstox/woodstox-core/5.0.3/woodstox-core-5.0.3.jar:/home/arnaudthovert/.m2/repository/com/fasterxml/jackson/datatype/jackson-datatype-joda/2.9.6/jackson-datatype-joda-2.9.6.jar:/home/arnaudthovert/.m2/repository/joda-time/joda-time/2.9.9/joda-time-2.9.9.jar:/home/arnaudthovert/.m2/repository/org/junit/jupiter/junit-jupiter-api/5.1.1/junit-jupiter-api-5.1.1.jar:/home/arnaudthovert/.m2/repository/org/apiguardian/apiguardian-api/1.0.0/apiguardian-api-1.0.0.jar:/home/arnaudthovert/.m2/repository/org/opentest4j/opentest4j/1.0.0/opentest4j-1.0.0.jar:/home/arnaudthovert/.m2/repository/org/junit/platform/junit-platform-commons/1.1.1/junit-platform-commons-1.1.1.jar:/home/arnaudthovert/.m2/repository/org/mockito/mockito-core/2.15.0/mockito-core-2.15.0.jar:/home/arnaudthovert/.m2/repository/net/bytebuddy/byte-buddy/1.7.11/byte-buddy-1.7.11.jar:/home/arnaudthovert/.m2/repository/net/bytebuddy/byte-buddy-agent/1.7.11/byte-buddy-agent-1.7.11.jar:/home/arnaudthovert/.m2/repository/org/objenesis/objenesis/2.6/objenesis-2.6.jar:/home/arnaudthovert/.m2/repository/org/assertj/assertj-core/3.9.1/assertj-core-3.9.1.jar:/home/arnaudthovert/.m2/repository/org/springframework/boot/spring-boot-test/2.0.4.RELEASE/spring-boot-test-2.0.4.RELEASE.jar:/home/arnaudthovert/.m2/repository/org/springframework/spring-test/5.0.8.RELEASE/spring-test-5.0.8.RELEASE.jar:, java.vm.vendor=Ubuntu, sun.arch.data.model=64, java.vendor.url=https://ubuntu.com/, user.timezone=Europe/Paris, java.vm.specification.version=17, os.name=Linux, sun.java.launcher=SUN_STANDARD, user.country=FR, sun.boot.library.path=/usr/lib/jvm/java-17-openjdk-amd64/lib, sun.java.command=/home/arnaudthovert/ECF/Activite2/spring-boot-hello-world/target/surefire/surefirebooter-20250721200144299_3.jar /home/arnaudthovert/ECF/Activite2/spring-boot-hello-world/target/surefire 2025-07-21T20-01-43_835-jvmRun1 surefire-20250721200144299_1tmp surefire_0-20250721200144299_2tmp, jdk.debug=release, surefire.test.class.path=/home/arnaudthovert/ECF/Activite2/spring-boot-hello-world/target/test-classes:/home/arnaudthovert/ECF/Activite2/spring-boot-hello-world/target/classes:/home/arnaudthovert/.m2/repository/org/springframework/boot/spring-boot-starter/2.0.4.RELEASE/spring-boot-starter-2.0.4.RELEASE.jar:/home/arnaudthovert/.m2/repository/org/springframework/boot/spring-boot/2.0.4.RELEASE/spring-boot-2.0.4.RELEASE.jar:/home/arnaudthovert/.m2/repository/org/springframework/spring-context/5.0.8.RELEASE/spring-context-5.0.8.RELEASE.jar:/home/arnaudthovert/.m2/repository/org/springframework/boot/spring-boot-autoconfigure/2.0.4.RELEASE/spring-boot-autoconfigure-2.0.4.RELEASE.jar:/home/arnaudthovert/.m2/repository/org/springframework/boot/spring-boot-starter-logging/2.0.4.RELEASE/spring-boot-starter-logging-2.0.4.RELEASE.jar:/home/arnaudthovert/.m2/repository/ch/qos/logback/logback-classic/1.2.3/logback-classic-1.2.3.jar:/home/arnaudthovert/.m2/repository/org/apache/logging/log4j/log4j-to-slf4j/2.10.0/log4j-to-slf4j-2.10.0.jar:/home/arnaudthovert/.m2/repository/org/apache/logging/log4j/log4j-api/2.10.0/log4j-api-2.10.0.jar:/home/arnaudthovert/.m2/repository/org/slf4j/jul-to-slf4j/1.7.25/jul-to-slf4j-1.7.25.jar:/home/arnaudthovert/.m2/repository/javax/annotation/javax.annotation-api/1.3.2/javax.annotation-api-1.3.2.jar:/home/arnaudthovert/.m2/repository/org/springframework/spring-core/5.0.8.RELEASE/spring-core-5.0.8.RELEASE.jar:/home/arnaudthovert/.m2/repository/org/springframework/spring-jcl/5.0.8.RELEASE/spring-jcl-5.0.8.RELEASE.jar:/home/arnaudthovert/.m2/repository/org/yaml/snakeyaml/1.19/snakeyaml-1.19.jar:/home/arnaudthovert/.m2/repository/org/springframework/boot/spring-boot-starter-actuator/2.0.4.RELEASE/spring-boot-starter-actuator-2.0.4.RELEASE.jar:/home/arnaudthovert/.m2/repository/org/springframework/boot/spring-boot-actuator-autoconfigure/2.0.4.RELEASE/spring-boot-actuator-autoconfigure-2.0.4.RELEASE.jar:/home/arnaudthovert/.m2/repository/org/springframework/boot/spring-boot-actuator/2.0.4.RELEASE/spring-boot-actuator-2.0.4.RELEASE.jar:/home/arnaudthovert/.m2/repository/com/fasterxml/jackson/datatype/jackson-datatype-jsr310/2.9.6/jackson-datatype-jsr310-2.9.6.jar:/home/arnaudthovert/.m2/repository/io/micrometer/micrometer-core/1.0.6/micrometer-core-1.0.6.jar:/home/arnaudthovert/.m2/repository/org/hdrhistogram/HdrHistogram/2.1.10/HdrHistogram-2.1.10.jar:/home/arnaudthovert/.m2/repository/org/latencyutils/LatencyUtils/2.0.3/LatencyUtils-2.0.3.jar:/home/arnaudthovert/.m2/repository/org/springframework/boot/spring-boot-starter-data-jpa/2.0.4.RELEASE/spring-boot-starter-data-jpa-2.0.4.RELEASE.jar:/home/arnaudthovert/.m2/repository/org/springframework/boot/spring-boot-starter-aop/2.0.4.RELEASE/spring-boot-starter-aop-2.0.4.RELEASE.jar:/home/arnaudthovert/.m2/repository/org/springframework/spring-aop/5.0.8.RELEASE/spring-aop-5.0.8.RELEASE.jar:/home/arnaudthovert/.m2/repository/org/aspectj/aspectjweaver/1.8.13/aspectjweaver-1.8.13.jar:/home/arnaudthovert/.m2/repository/org/springframework/boot/spring-boot-starter-jdbc/2.0.4.RELEASE/spring-boot-starter-jdbc-2.0.4.RELEASE.jar:/home/arnaudthovert/.m2/repository/com/zaxxer/HikariCP/2.7.9/HikariCP-2.7.9.jar:/home/arnaudthovert/.m2/repository/org/springframework/spring-jdbc/5.0.8.RELEASE/spring-jdbc-5.0.8.RELEASE.jar:/home/arnaudthovert/.m2/repository/org/hibernate/hibernate-core/5.2.17.Final/hibernate-core-5.2.17.Final.jar:/home/arnaudthovert/.m2/repository/org/jboss/logging/jboss-logging/3.3.2.Final/jboss-logging-3.3.2.Final.jar:/home/arnaudthovert/.m2/repository/org/hibernate/javax/persistence/hibernate-jpa-2.1-api/1.0.2.Final/hibernate-jpa-2.1-api-1.0.2.Final.jar:/home/arnaudthovert/.m2/repository/org/javassist/javassist/3.22.0-GA/javassist-3.22.0-GA.jar:/home/arnaudthovert/.m2/repository/antlr/antlr/2.7.7/antlr-2.7.7.jar:/home/arnaudthovert/.m2/repository/org/jboss/jandex/2.0.3.Final/jandex-2.0.3.Final.jar:/home/arnaudthovert/.m2/repository/com/fasterxml/classmate/1.3.4/classmate-1.3.4.jar:/home/arnaudthovert/.m2/repository/dom4j/dom4j/1.6.1/dom4j-1.6.1.jar:/home/arnaudthovert/.m2/repository/org/hibernate/common/hibernate-commons-annotations/5.0.1.Final/hibernate-commons-annotations-5.0.1.Final.jar:/home/arnaudthovert/.m2/repository/javax/transaction/javax.transaction-api/1.2/javax.transaction-api-1.2.jar:/home/arnaudthovert/.m2/repository/org/springframework/data/spring-data-jpa/2.0.9.RELEASE/spring-data-jpa-2.0.9.RELEASE.jar:/home/arnaudthovert/.m2/repository/org/springframework/data/spring-data-commons/2.0.9.RELEASE/spring-data-commons-2.0.9.RELEASE.jar:/home/arnaudthovert/.m2/repository/org/springframework/spring-orm/5.0.8.RELEASE/spring-orm-5.0.8.RELEASE.jar:/home/arnaudthovert/.m2/repository/org/springframework/spring-tx/5.0.8.RELEASE/spring-tx-5.0.8.RELEASE.jar:/home/arnaudthovert/.m2/repository/org/springframework/spring-beans/5.0.8.RELEASE/spring-beans-5.0.8.RELEASE.jar:/home/arnaudthovert/.m2/repository/org/slf4j/slf4j-api/1.7.25/slf4j-api-1.7.25.jar:/home/arnaudthovert/.m2/repository/org/springframework/spring-aspects/5.0.8.RELEASE/spring-aspects-5.0.8.RELEASE.jar:/home/arnaudthovert/.m2/repository/org/springframework/boot/spring-boot-starter-test/2.0.4.RELEASE/spring-boot-starter-test-2.0.4.RELEASE.jar:/home/arnaudthovert/.m2/repository/org/springframework/boot/spring-boot-test-autoconfigure/2.0.4.RELEASE/spring-boot-test-autoconfigure-2.0.4.RELEASE.jar:/home/arnaudthovert/.m2/repository/com/jayway/jsonpath/json-path/2.4.0/json-path-2.4.0.jar:/home/arnaudthovert/.m2/repository/net/minidev/json-smart/2.3/json-smart-2.3.jar:/home/arnaudthovert/.m2/repository/net/minidev/accessors-smart/1.2/accessors-smart-1.2.jar:/home/arnaudthovert/.m2/repository/org/ow2/asm/asm/5.0.4/asm-5.0.4.jar:/home/arnaudthovert/.m2/repository/junit/junit/4.12/junit-4.12.jar:/home/arnaudthovert/.m2/repository/org/hamcrest/hamcrest-core/1.3/hamcrest-core-1.3.jar:/home/arnaudthovert/.m2/repository/org/hamcrest/hamcrest-library/1.3/hamcrest-library-1.3.jar:/home/arnaudthovert/.m2/repository/org/skyscreamer/jsonassert/1.5.0/jsonassert-1.5.0.jar:/home/arnaudthovert/.m2/repository/org/xmlunit/xmlunit-core/2.5.1/xmlunit-core-2.5.1.jar:/home/arnaudthovert/.m2/repository/org/springframework/boot/spring-boot-starter-web/2.0.4.RELEASE/spring-boot-starter-web-2.0.4.RELEASE.jar:/home/arnaudthovert/.m2/repository/org/springframework/boot/spring-boot-starter-json/2.0.4.RELEASE/spring-boot-starter-json-2.0.4.RELEASE.jar:/home/arnaudthovert/.m2/repository/com/fasterxml/jackson/datatype/jackson-datatype-jdk8/2.9.6/jackson-datatype-jdk8-2.9.6.jar:/home/arnaudthovert/.m2/repository/com/fasterxml/jackson/module/jackson-module-parameter-names/2.9.6/jackson-module-parameter-names-2.9.6.jar:/home/arnaudthovert/.m2/repository/org/springframework/boot/spring-boot-starter-tomcat/2.0.4.RELEASE/spring-boot-starter-tomcat-2.0.4.RELEASE.jar:/home/arnaudthovert/.m2/repository/org/apache/tomcat/embed/tomcat-embed-core/8.5.32/tomcat-embed-core-8.5.32.jar:/home/arnaudthovert/.m2/repository/org/apache/tomcat/embed/tomcat-embed-el/8.5.32/tomcat-embed-el-8.5.32.jar:/home/arnaudthovert/.m2/repository/org/apache/tomcat/embed/tomcat-embed-websocket/8.5.32/tomcat-embed-websocket-8.5.32.jar:/home/arnaudthovert/.m2/repository/org/hibernate/validator/hibernate-validator/6.0.11.Final/hibernate-validator-6.0.11.Final.jar:/home/arnaudthovert/.m2/repository/javax/validation/validation-api/2.0.1.Final/validation-api-2.0.1.Final.jar:/home/arnaudthovert/.m2/repository/org/openjfx/javafx.base/11.0.0-SNAPSHOT/javafx.base-11.0.0-SNAPSHOT.jar:/home/arnaudthovert/.m2/repository/org/openjfx/javafx.base/11.0.0-SNAPSHOT/javafx.base-11.0.0-SNAPSHOT-linux.jar:/home/arnaudthovert/.m2/repository/org/openjfx/javafx.base/11.0.0-SNAPSHOT/javafx.base-11.0.0-SNAPSHOT-mac.jar:/home/arnaudthovert/.m2/repository/org/openjfx/javafx.base/11.0.0-SNAPSHOT/javafx.base-11.0.0-SNAPSHOT-win.jar:/home/arnaudthovert/.m2/repository/org/springframework/spring-web/5.0.8.RELEASE/spring-web-5.0.8.RELEASE.jar:/home/arnaudthovert/.m2/repository/org/springframework/spring-webmvc/5.0.8.RELEASE/spring-webmvc-5.0.8.RELEASE.jar:/home/arnaudthovert/.m2/repository/org/springframework/spring-expression/5.0.8.RELEASE/spring-expression-5.0.8.RELEASE.jar:/home/arnaudthovert/.m2/repository/com/h2database/h2/1.4.197/h2-1.4.197.jar:/home/arnaudthovert/.m2/repository/org/springframework/cloud/spring-cloud-starter-sleuth/2.0.0.RELEASE/spring-cloud-starter-sleuth-2.0.0.RELEASE.jar:/home/arnaudthovert/.m2/repository/org/springframework/cloud/spring-cloud-starter/2.0.0.RELEASE/spring-cloud-starter-2.0.0.RELEASE.jar:/home/arnaudthovert/.m2/repository/org/springframework/cloud/spring-cloud-context/2.0.0.RELEASE/spring-cloud-context-2.0.0.RELEASE.jar:/home/arnaudthovert/.m2/repository/org/springframework/security/spring-security-rsa/1.0.5.RELEASE/spring-security-rsa-1.0.5.RELEASE.jar:/home/arnaudthovert/.m2/repository/org/bouncycastle/bcpkix-jdk15on/1.56/bcpkix-jdk15on-1.56.jar:/home/arnaudthovert/.m2/repository/org/bouncycastle/bcprov-jdk15on/1.56/bcprov-jdk15on-1.56.jar:/home/arnaudthovert/.m2/repository/org/springframework/cloud/spring-cloud-sleuth-core/2.0.0.RELEASE/spring-cloud-sleuth-core-2.0.0.RELEASE.jar:/home/arnaudthovert/.m2/repository/org/aspectj/aspectjrt/1.8.13/aspectjrt-1.8.13.jar:/home/arnaudthovert/.m2/repository/io/zipkin/brave/brave/5.1.0/brave-5.1.0.jar:/home/arnaudthovert/.m2/repository/io/zipkin/brave/brave-context-log4j2/5.1.0/brave-context-log4j2-5.1.0.jar:/home/arnaudthovert/.m2/repository/io/zipkin/brave/brave-instrumentation-spring-web/5.1.0/brave-instrumentation-spring-web-5.1.0.jar:/home/arnaudthovert/.m2/repository/io/zipkin/brave/brave-instrumentation-http/5.1.0/brave-instrumentation-http-5.1.0.jar:/home/arnaudthovert/.m2/repository/io/zipkin/brave/brave-instrumentation-spring-rabbit/5.1.0/brave-instrumentation-spring-rabbit-5.1.0.jar:/home/arnaudthovert/.m2/repository/io/zipkin/brave/brave-instrumentation-kafka-clients/5.1.0/brave-instrumentation-kafka-clients-5.1.0.jar:/home/arnaudthovert/.m2/repository/io/zipkin/brave/brave-instrumentation-httpclient/5.1.0/brave-instrumentation-httpclient-5.1.0.jar:/home/arnaudthovert/.m2/repository/io/zipkin/brave/brave-instrumentation-httpasyncclient/5.1.0/brave-instrumentation-httpasyncclient-5.1.0.jar:/home/arnaudthovert/.m2/repository/io/zipkin/brave/brave-instrumentation-spring-webmvc/5.1.0/brave-instrumentation-spring-webmvc-5.1.0.jar:/home/arnaudthovert/.m2/repository/io/zipkin/brave/brave-instrumentation-servlet/5.1.0/brave-instrumentation-servlet-5.1.0.jar:/home/arnaudthovert/.m2/repository/org/springframework/cloud/spring-cloud-sleuth-zipkin/2.0.0.RELEASE/spring-cloud-sleuth-zipkin-2.0.0.RELEASE.jar:/home/arnaudthovert/.m2/repository/org/springframework/cloud/spring-cloud-commons/2.0.0.RELEASE/spring-cloud-commons-2.0.0.RELEASE.jar:/home/arnaudthovert/.m2/repository/org/springframework/security/spring-security-crypto/5.0.7.RELEASE/spring-security-crypto-5.0.7.RELEASE.jar:/home/arnaudthovert/.m2/repository/io/zipkin/zipkin2/zipkin/2.9.3/zipkin-2.9.3.jar:/home/arnaudthovert/.m2/repository/io/zipkin/reporter2/zipkin-reporter/2.7.3/zipkin-reporter-2.7.3.jar:/home/arnaudthovert/.m2/repository/io/zipkin/reporter2/zipkin-sender-kafka11/2.7.3/zipkin-sender-kafka11-2.7.3.jar:/home/arnaudthovert/.m2/repository/io/zipkin/reporter2/zipkin-sender-amqp-client/2.7.3/zipkin-sender-amqp-client-2.7.3.jar:/home/arnaudthovert/.m2/repository/commons-collections/commons-collections/3.2.2/commons-collections-3.2.2.jar:/home/arnaudthovert/.m2/repository/net/logstash/logback/logstash-logback-encoder/4.11/logstash-logback-encoder-4.11.jar:/home/arnaudthovert/.m2/repository/ch/qos/logback/logback-core/1.2.3/logback-core-1.2.3.jar:/home/arnaudthovert/.m2/repository/com/fasterxml/jackson/core/jackson-databind/2.9.6/jackson-databind-2.9.6.jar:/home/arnaudthovert/.m2/repository/javax/xml/bind/jaxb-api/2.3.1/jaxb-api-2.3.1.jar:/home/arnaudthovert/.m2/repository/javax/activation/javax.activation-api/1.2.0/javax.activation-api-1.2.0.jar:/home/arnaudthovert/.m2/repository/org/glassfish/jaxb/jaxb-runtime/2.3.3/jaxb-runtime-2.3.3.jar:/home/arnaudthovert/.m2/repository/jakarta/xml/bind/jakarta.xml.bind-api/2.3.3/jakarta.xml.bind-api-2.3.3.jar:/home/arnaudthovert/.m2/repository/org/glassfish/jaxb/txw2/2.3.3/txw2-2.3.3.jar:/home/arnaudthovert/.m2/repository/com/sun/istack/istack-commons-runtime/3.0.11/istack-commons-runtime-3.0.11.jar:/home/arnaudthovert/.m2/repository/com/sun/activation/jakarta.activation/1.2.2/jakarta.activation-1.2.2.jar:/home/arnaudthovert/.m2/repository/com/fasterxml/jackson/dataformat/jackson-dataformat-xml/2.9.6/jackson-dataformat-xml-2.9.6.jar:/home/arnaudthovert/.m2/repository/com/fasterxml/jackson/core/jackson-core/2.9.6/jackson-core-2.9.6.jar:/home/arnaudthovert/.m2/repository/com/fasterxml/jackson/core/jackson-annotations/2.9.0/jackson-annotations-2.9.0.jar:/home/arnaudthovert/.m2/repository/com/fasterxml/jackson/module/jackson-module-jaxb-annotations/2.9.6/jackson-module-jaxb-annotations-2.9.6.jar:/home/arnaudthovert/.m2/repository/org/codehaus/woodstox/stax2-api/3.1.4/stax2-api-3.1.4.jar:/home/arnaudthovert/.m2/repository/com/fasterxml/woodstox/woodstox-core/5.0.3/woodstox-core-5.0.3.jar:/home/arnaudthovert/.m2/repository/com/fasterxml/jackson/datatype/jackson-datatype-joda/2.9.6/jackson-datatype-joda-2.9.6.jar:/home/arnaudthovert/.m2/repository/joda-time/joda-time/2.9.9/joda-time-2.9.9.jar:/home/arnaudthovert/.m2/repository/org/junit/jupiter/junit-jupiter-api/5.1.1/junit-jupiter-api-5.1.1.jar:/home/arnaudthovert/.m2/repository/org/apiguardian/apiguardian-api/1.0.0/apiguardian-api-1.0.0.jar:/home/arnaudthovert/.m2/repository/org/opentest4j/opentest4j/1.0.0/opentest4j-1.0.0.jar:/home/arnaudthovert/.m2/repository/org/junit/platform/junit-platform-commons/1.1.1/junit-platform-commons-1.1.1.jar:/home/arnaudthovert/.m2/repository/org/mockito/mockito-core/2.15.0/mockito-core-2.15.0.jar:/home/arnaudthovert/.m2/repository/net/bytebuddy/byte-buddy/1.7.11/byte-buddy-1.7.11.jar:/home/arnaudthovert/.m2/repository/net/bytebuddy/byte-buddy-agent/1.7.11/byte-buddy-agent-1.7.11.jar:/home/arnaudthovert/.m2/repository/org/objenesis/objenesis/2.6/objenesis-2.6.jar:/home/arnaudthovert/.m2/repository/org/assertj/assertj-core/3.9.1/assertj-core-3.9.1.jar:/home/arnaudthovert/.m2/repository/org/springframework/boot/spring-boot-test/2.0.4.RELEASE/spring-boot-test-2.0.4.RELEASE.jar:/home/arnaudthovert/.m2/repository/org/springframework/spring-test/5.0.8.RELEASE/spring-test-5.0.8.RELEASE.jar:, sun.cpu.endian=little, user.home=/home/arnaudthovert, user.language=fr, java.specification.vendor=Oracle Corporation, java.version.date=2025-04-15, java.home=/usr/lib/jvm/java-17-openjdk-amd64, file.separator=/, basedir=/home/arnaudthovert/ECF/Activite2/spring-boot-hello-world, java.vm.compressedOopsMode=32-bit, line.separator=
, java.vm.specification.vendor=Oracle Corporation, java.specification.name=Java Platform API Specification, surefire.real.class.path=/home/arnaudthovert/ECF/Activite2/spring-boot-hello-world/target/surefire/surefirebooter-20250721200144299_3.jar, sun.management.compiler=HotSpot 64-Bit Tiered Compilers, java.runtime.version=17.0.15+6-Ubuntu-0ubuntu122.04, user.name=arnaudthovert, path.separator=:, os.version=6.8.0-64-generic, java.runtime.name=OpenJDK Runtime Environment, file.encoding=UTF-8, java.vm.name=OpenJDK 64-Bit Server VM, localRepository=/home/arnaudthovert/.m2/repository, java.vendor.url.bug=https://bugs.launchpad.net/ubuntu/+source/openjdk-17, java.io.tmpdir=/tmp, java.version=17.0.15, user.dir=/home/arnaudthovert/ECF/Activite2/spring-boot-hello-world, os.arch=amd64, java.vm.specification.name=Java Virtual Machine Specification, native.encoding=UTF-8, java.library.path=/usr/java/packages/lib:/usr/lib/x86_64-linux-gnu/jni:/lib/x86_64-linux-gnu:/usr/lib/x86_64-linux-gnu:/usr/lib/jni:/lib:/usr/lib, java.vm.info=mixed mode, sharing, java.vendor=Ubuntu, java.vm.version=17.0.15+6-Ubuntu-0ubuntu122.04, java.specification.maintenance.version=1, sun.io.unicode.encoding=UnicodeLittle, java.class.version=61.0}}, SystemEnvironmentPropertySource@1132307065 {name='systemEnvironment', properties={PATH=/usr/local/sbin:/usr/local/bin:/usr/sbin:/usr/bin:/sbin:/bin:/usr/games:/usr/local/games:/snap/bin:/snap/bin, XAUTHORITY=/run/user/1000/.mutter-Xwaylandauth.BYYW92, XMODIFIERS=@im=ibus, XDG_DATA_DIRS=/usr/share/ubuntu:/usr/local/share/:/usr/share/:/var/lib/snapd/desktop, GDMSESSION=ubuntu, QT_IM_MODULE=ibus, JAVA_HOME=/usr/lib/jvm/java-17-openjdk-amd64, TERM=xterm-256color, XDG_CONFIG_DIRS=/etc/xdg/xdg-ubuntu:/etc/xdg, GNOME_TERMINAL_SERVICE=:1.123, LANG=fr_FR.UTF-8, DBUS_SESSION_BUS_ADDRESS=unix:path=/run/user/1000/bus,guid=8d82faa29dcc2233d9231c12687e7c25, XDG_SESSION_TYPE=wayland, XDG_CURRENT_DESKTOP=ubuntu:GNOME, DISPLAY=:0, WAYLAND_DISPLAY=wayland-0, COLORTERM=truecolor, SESSION_MANAGER=local/arnaudthovert-VirtualBox:@/tmp/.ICE-unix/1548,unix/arnaudthovert-VirtualBox:/tmp/.ICE-unix/1548, USERNAME=arnaudthovert, LOGNAME=arnaudthovert, PWD=/home/arnaudthovert/ECF/Activite2/spring-boot-hello-world, IM_CONFIG_PHASE=1, MAVEN_CMD_LINE_ARGS= clean package, XDG_SESSION_CLASS=user, _=./mvnw, SHELL=/bin/bash, MAVEN_PROJECTBASEDIR=/home/arnaudthovert/ECF/Activite2/spring-boot-hello-world, DESKTOP_SESSION=ubuntu, OLDPWD=/home/arnaudthovert/ECF/Activite2/spring-boot-hello-world, USER=arnaudthovert, XDG_MENU_PREFIX=gnome-, VTE_VERSION=6800, QT_ACCESSIBILITY=1, GNOME_DESKTOP_SESSION_ID=this-is-deprecated, SSH_AUTH_SOCK=/run/user/1000/keyring/ssh, GNOME_TERMINAL_SCREEN=/org/gnome/Terminal/screen/8a18962a_8da4_4df2_baab_155dbeb23cd4, GTK_MODULES=gail:atk-bridge, DBUS_STARTER_ADDRESS=unix:path=/run/user/1000/bus,guid=8d82faa29dcc2233d9231c12687e7c25, GNOME_SHELL_SESSION_MODE=ubuntu, SYSTEMD_EXEC_PID=1548, XDG_SESSION_DESKTOP=ubuntu, GNOME_SETUP_DISPLAY=:1, XDG_RUNTIME_DIR=/run/user/1000, SSH_AGENT_LAUNCHER=gnome-keyring, DBUS_STARTER_BUS_TYPE=session, HOME=/home/arnaudthovert, SHLVL=1}}]
20:01:48.693 [main] DEBUG org.springframework.core.io.support.PathMatchingResourcePatternResolver - Resolved classpath location [com/testing/] to resources [URL [file:/home/arnaudthovert/ECF/Activite2/spring-boot-hello-world/target/test-classes/com/testing/], URL [file:/home/arnaudthovert/ECF/Activite2/spring-boot-hello-world/target/classes/com/testing/]]
20:01:48.699 [main] DEBUG org.springframework.core.io.support.PathMatchingResourcePatternResolver - Looking for matching resources in directory tree [/home/arnaudthovert/ECF/Activite2/spring-boot-hello-world/target/test-classes/com/testing]
20:01:48.700 [main] DEBUG org.springframework.core.io.support.PathMatchingResourcePatternResolver - Searching directory [/home/arnaudthovert/ECF/Activite2/spring-boot-hello-world/target/test-classes/com/testing] for files matching pattern [/home/arnaudthovert/ECF/Activite2/spring-boot-hello-world/target/test-classes/com/testing/*.class]
20:01:48.732 [main] DEBUG org.springframework.core.io.support.PathMatchingResourcePatternResolver - Looking for matching resources in directory tree [/home/arnaudthovert/ECF/Activite2/spring-boot-hello-world/target/classes/com/testing]
20:01:48.733 [main] DEBUG org.springframework.core.io.support.PathMatchingResourcePatternResolver - Searching directory [/home/arnaudthovert/ECF/Activite2/spring-boot-hello-world/target/classes/com/testing] for files matching pattern [/home/arnaudthovert/ECF/Activite2/spring-boot-hello-world/target/classes/com/testing/*.class]
20:01:48.741 [main] DEBUG org.springframework.core.io.support.PathMatchingResourcePatternResolver - Resolved location pattern [classpath*:com/testing/*.class] to resources [file [/home/arnaudthovert/ECF/Activite2/spring-boot-hello-world/target/test-classes/com/testing/HelloWorldControllerTest.class], file [/home/arnaudthovert/ECF/Activite2/spring-boot-hello-world/target/test-classes/com/testing/HelloWorldIntegrationTest.class], file [/home/arnaudthovert/ECF/Activite2/spring-boot-hello-world/target/classes/com/testing/HelloWorldApplication.class], file [/home/arnaudthovert/ECF/Activite2/spring-boot-hello-world/target/classes/com/testing/HelloWorldController.class]]
20:01:49.224 [main] DEBUG org.springframework.context.annotation.ClassPathScanningCandidateComponentProvider - Identified candidate component class: file [/home/arnaudthovert/ECF/Activite2/spring-boot-hello-world/target/classes/com/testing/HelloWorldApplication.class]
20:01:49.366 [main] INFO org.springframework.boot.test.context.SpringBootTestContextBootstrapper - Found @SpringBootConfiguration com.testing.HelloWorldApplication for test class com.testing.HelloWorldIntegrationTest
20:01:50.161 [main] DEBUG org.springframework.boot.test.context.SpringBootTestContextBootstrapper - @TestExecutionListeners is not present for class [com.testing.HelloWorldIntegrationTest]: using defaults.
20:01:50.165 [main] INFO org.springframework.boot.test.context.SpringBootTestContextBootstrapper - Loaded default TestExecutionListener class names from location [META-INF/spring.factories]: [org.springframework.boot.test.autoconfigure.restdocs.RestDocsTestExecutionListener, org.springframework.boot.test.autoconfigure.web.client.MockRestServiceServerResetTestExecutionListener, org.springframework.boot.test.autoconfigure.web.servlet.MockMvcPrintOnlyOnFailureTestExecutionListener, org.springframework.boot.test.autoconfigure.web.servlet.WebDriverTestExecutionListener, org.springframework.boot.test.mock.mockito.MockitoTestExecutionListener, org.springframework.boot.test.mock.mockito.ResetMocksTestExecutionListener, org.springframework.test.context.web.ServletTestExecutionListener, org.springframework.test.context.support.DirtiesContextBeforeModesTestExecutionListener, org.springframework.test.context.support.DependencyInjectionTestExecutionListener, org.springframework.test.context.support.DirtiesContextTestExecutionListener, org.springframework.test.context.transaction.TransactionalTestExecutionListener, org.springframework.test.context.jdbc.SqlScriptsTestExecutionListener]
20:01:50.292 [main] INFO org.springframework.boot.test.context.SpringBootTestContextBootstrapper - Using TestExecutionListeners: [org.springframework.test.context.web.ServletTestExecutionListener@4c1f22f3, org.springframework.test.context.support.DirtiesContextBeforeModesTestExecutionListener@598bd2ba, org.springframework.boot.test.mock.mockito.MockitoTestExecutionListener@5a755cc1, org.springframework.boot.test.autoconfigure.SpringBootDependencyInjectionTestExecutionListener@7ae42ce3, org.springframework.test.context.support.DirtiesContextTestExecutionListener@4f5991f6, org.springframework.test.context.transaction.TransactionalTestExecutionListener@484094a5, org.springframework.test.context.jdbc.SqlScriptsTestExecutionListener@38234a38, org.springframework.boot.test.autoconfigure.restdocs.RestDocsTestExecutionListener@63fbfaeb, org.springframework.boot.test.autoconfigure.web.client.MockRestServiceServerResetTestExecutionListener@602e0143, org.springframework.boot.test.autoconfigure.web.servlet.MockMvcPrintOnlyOnFailureTestExecutionListener@2c07545f, org.springframework.boot.test.autoconfigure.web.servlet.WebDriverTestExecutionListener@e57b96d, org.springframework.boot.test.mock.mockito.ResetMocksTestExecutionListener@32c726ee]
20:01:50.307 [main] DEBUG org.springframework.test.annotation.ProfileValueUtils - Retrieved @ProfileValueSourceConfiguration [null] for test class [com.testing.HelloWorldIntegrationTest]
20:01:50.308 [main] DEBUG org.springframework.test.annotation.ProfileValueUtils - Retrieved ProfileValueSource type [class org.springframework.test.annotation.SystemProfileValueSource] for class [com.testing.HelloWorldIntegrationTest]
20:01:50.523 [main] DEBUG org.springframework.test.context.junit4.SpringJUnit4ClassRunner - SpringJUnit4ClassRunner constructor called with [class com.testing.HelloWorldIntegrationTest]
20:01:50.527 [main] DEBUG org.springframework.test.context.BootstrapUtils - Instantiating CacheAwareContextLoaderDelegate from class [org.springframework.test.context.cache.DefaultCacheAwareContextLoaderDelegate]
20:01:50.528 [main] DEBUG org.springframework.test.context.BootstrapUtils - Instantiating BootstrapContext using constructor [public org.springframework.test.context.support.DefaultBootstrapContext(java.lang.Class,org.springframework.test.context.CacheAwareContextLoaderDelegate)]
20:01:50.528 [main] DEBUG org.springframework.test.context.BootstrapUtils - Instantiating TestContextBootstrapper for test class [com.testing.HelloWorldIntegrationTest] from class [org.springframework.boot.test.context.SpringBootTestContextBootstrapper]
20:01:50.533 [main] INFO org.springframework.boot.test.context.SpringBootTestContextBootstrapper - Neither @ContextConfiguration nor @ContextHierarchy found for test class [com.testing.HelloWorldIntegrationTest], using SpringBootContextLoader
20:01:50.535 [main] DEBUG org.springframework.test.context.support.AbstractContextLoader - Did not detect default resource location for test class [com.testing.HelloWorldIntegrationTest]: class path resource [com/testing/HelloWorldIntegrationTest-context.xml] does not exist
20:01:50.536 [main] DEBUG org.springframework.test.context.support.AbstractContextLoader - Did not detect default resource location for test class [com.testing.HelloWorldIntegrationTest]: class path resource [com/testing/HelloWorldIntegrationTestContext.groovy] does not exist
20:01:50.539 [main] INFO org.springframework.test.context.support.AbstractContextLoader - Could not detect default resource locations for test class [com.testing.HelloWorldIntegrationTest]: no resource found for suffixes {-context.xml, Context.groovy}.
20:01:50.539 [main] INFO org.springframework.test.context.support.AnnotationConfigContextLoaderUtils - Could not detect default configuration classes for test class [com.testing.HelloWorldIntegrationTest]: HelloWorldIntegrationTest does not declare any static, non-private, non-final, nested classes annotated with @Configuration.
20:01:50.552 [main] DEBUG org.springframework.test.context.support.ActiveProfilesUtils - Could not find an 'annotation declaring class' for annotation type [org.springframework.test.context.ActiveProfiles] and class [com.testing.HelloWorldIntegrationTest]
20:01:50.554 [main] DEBUG org.springframework.core.env.StandardEnvironment - Adding PropertySource 'systemProperties' with lowest search precedence
20:01:50.554 [main] DEBUG org.springframework.core.env.StandardEnvironment - Adding PropertySource 'systemEnvironment' with lowest search precedence
20:01:50.554 [main] DEBUG org.springframework.core.env.StandardEnvironment - Initialized StandardEnvironment with PropertySources [MapPropertySource@2073299099 {name='systemProperties', properties={java.specification.version=17, sun.jnu.encoding=UTF-8, java.class.path=/home/arnaudthovert/ECF/Activite2/spring-boot-hello-world/target/test-classes:/home/arnaudthovert/ECF/Activite2/spring-boot-hello-world/target/classes:/home/arnaudthovert/.m2/repository/org/springframework/boot/spring-boot-starter/2.0.4.RELEASE/spring-boot-starter-2.0.4.RELEASE.jar:/home/arnaudthovert/.m2/repository/org/springframework/boot/spring-boot/2.0.4.RELEASE/spring-boot-2.0.4.RELEASE.jar:/home/arnaudthovert/.m2/repository/org/springframework/spring-context/5.0.8.RELEASE/spring-context-5.0.8.RELEASE.jar:/home/arnaudthovert/.m2/repository/org/springframework/boot/spring-boot-autoconfigure/2.0.4.RELEASE/spring-boot-autoconfigure-2.0.4.RELEASE.jar:/home/arnaudthovert/.m2/repository/org/springframework/boot/spring-boot-starter-logging/2.0.4.RELEASE/spring-boot-starter-logging-2.0.4.RELEASE.jar:/home/arnaudthovert/.m2/repository/ch/qos/logback/logback-classic/1.2.3/logback-classic-1.2.3.jar:/home/arnaudthovert/.m2/repository/org/apache/logging/log4j/log4j-to-slf4j/2.10.0/log4j-to-slf4j-2.10.0.jar:/home/arnaudthovert/.m2/repository/org/apache/logging/log4j/log4j-api/2.10.0/log4j-api-2.10.0.jar:/home/arnaudthovert/.m2/repository/org/slf4j/jul-to-slf4j/1.7.25/jul-to-slf4j-1.7.25.jar:/home/arnaudthovert/.m2/repository/javax/annotation/javax.annotation-api/1.3.2/javax.annotation-api-1.3.2.jar:/home/arnaudthovert/.m2/repository/org/springframework/spring-core/5.0.8.RELEASE/spring-core-5.0.8.RELEASE.jar:/home/arnaudthovert/.m2/repository/org/springframework/spring-jcl/5.0.8.RELEASE/spring-jcl-5.0.8.RELEASE.jar:/home/arnaudthovert/.m2/repository/org/yaml/snakeyaml/1.19/snakeyaml-1.19.jar:/home/arnaudthovert/.m2/repository/org/springframework/boot/spring-boot-starter-actuator/2.0.4.RELEASE/spring-boot-starter-actuator-2.0.4.RELEASE.jar:/home/arnaudthovert/.m2/repository/org/springframework/boot/spring-boot-actuator-autoconfigure/2.0.4.RELEASE/spring-boot-actuator-autoconfigure-2.0.4.RELEASE.jar:/home/arnaudthovert/.m2/repository/org/springframework/boot/spring-boot-actuator/2.0.4.RELEASE/spring-boot-actuator-2.0.4.RELEASE.jar:/home/arnaudthovert/.m2/repository/com/fasterxml/jackson/datatype/jackson-datatype-jsr310/2.9.6/jackson-datatype-jsr310-2.9.6.jar:/home/arnaudthovert/.m2/repository/io/micrometer/micrometer-core/1.0.6/micrometer-core-1.0.6.jar:/home/arnaudthovert/.m2/repository/org/hdrhistogram/HdrHistogram/2.1.10/HdrHistogram-2.1.10.jar:/home/arnaudthovert/.m2/repository/org/latencyutils/LatencyUtils/2.0.3/LatencyUtils-2.0.3.jar:/home/arnaudthovert/.m2/repository/org/springframework/boot/spring-boot-starter-data-jpa/2.0.4.RELEASE/spring-boot-starter-data-jpa-2.0.4.RELEASE.jar:/home/arnaudthovert/.m2/repository/org/springframework/boot/spring-boot-starter-aop/2.0.4.RELEASE/spring-boot-starter-aop-2.0.4.RELEASE.jar:/home/arnaudthovert/.m2/repository/org/springframework/spring-aop/5.0.8.RELEASE/spring-aop-5.0.8.RELEASE.jar:/home/arnaudthovert/.m2/repository/org/aspectj/aspectjweaver/1.8.13/aspectjweaver-1.8.13.jar:/home/arnaudthovert/.m2/repository/org/springframework/boot/spring-boot-starter-jdbc/2.0.4.RELEASE/spring-boot-starter-jdbc-2.0.4.RELEASE.jar:/home/arnaudthovert/.m2/repository/com/zaxxer/HikariCP/2.7.9/HikariCP-2.7.9.jar:/home/arnaudthovert/.m2/repository/org/springframework/spring-jdbc/5.0.8.RELEASE/spring-jdbc-5.0.8.RELEASE.jar:/home/arnaudthovert/.m2/repository/org/hibernate/hibernate-core/5.2.17.Final/hibernate-core-5.2.17.Final.jar:/home/arnaudthovert/.m2/repository/org/jboss/logging/jboss-logging/3.3.2.Final/jboss-logging-3.3.2.Final.jar:/home/arnaudthovert/.m2/repository/org/hibernate/javax/persistence/hibernate-jpa-2.1-api/1.0.2.Final/hibernate-jpa-2.1-api-1.0.2.Final.jar:/home/arnaudthovert/.m2/repository/org/javassist/javassist/3.22.0-GA/javassist-3.22.0-GA.jar:/home/arnaudthovert/.m2/repository/antlr/antlr/2.7.7/antlr-2.7.7.jar:/home/arnaudthovert/.m2/repository/org/jboss/jandex/2.0.3.Final/jandex-2.0.3.Final.jar:/home/arnaudthovert/.m2/repository/com/fasterxml/classmate/1.3.4/classmate-1.3.4.jar:/home/arnaudthovert/.m2/repository/dom4j/dom4j/1.6.1/dom4j-1.6.1.jar:/home/arnaudthovert/.m2/repository/org/hibernate/common/hibernate-commons-annotations/5.0.1.Final/hibernate-commons-annotations-5.0.1.Final.jar:/home/arnaudthovert/.m2/repository/javax/transaction/javax.transaction-api/1.2/javax.transaction-api-1.2.jar:/home/arnaudthovert/.m2/repository/org/springframework/data/spring-data-jpa/2.0.9.RELEASE/spring-data-jpa-2.0.9.RELEASE.jar:/home/arnaudthovert/.m2/repository/org/springframework/data/spring-data-commons/2.0.9.RELEASE/spring-data-commons-2.0.9.RELEASE.jar:/home/arnaudthovert/.m2/repository/org/springframework/spring-orm/5.0.8.RELEASE/spring-orm-5.0.8.RELEASE.jar:/home/arnaudthovert/.m2/repository/org/springframework/spring-tx/5.0.8.RELEASE/spring-tx-5.0.8.RELEASE.jar:/home/arnaudthovert/.m2/repository/org/springframework/spring-beans/5.0.8.RELEASE/spring-beans-5.0.8.RELEASE.jar:/home/arnaudthovert/.m2/repository/org/slf4j/slf4j-api/1.7.25/slf4j-api-1.7.25.jar:/home/arnaudthovert/.m2/repository/org/springframework/spring-aspects/5.0.8.RELEASE/spring-aspects-5.0.8.RELEASE.jar:/home/arnaudthovert/.m2/repository/org/springframework/boot/spring-boot-starter-test/2.0.4.RELEASE/spring-boot-starter-test-2.0.4.RELEASE.jar:/home/arnaudthovert/.m2/repository/org/springframework/boot/spring-boot-test-autoconfigure/2.0.4.RELEASE/spring-boot-test-autoconfigure-2.0.4.RELEASE.jar:/home/arnaudthovert/.m2/repository/com/jayway/jsonpath/json-path/2.4.0/json-path-2.4.0.jar:/home/arnaudthovert/.m2/repository/net/minidev/json-smart/2.3/json-smart-2.3.jar:/home/arnaudthovert/.m2/repository/net/minidev/accessors-smart/1.2/accessors-smart-1.2.jar:/home/arnaudthovert/.m2/repository/org/ow2/asm/asm/5.0.4/asm-5.0.4.jar:/home/arnaudthovert/.m2/repository/junit/junit/4.12/junit-4.12.jar:/home/arnaudthovert/.m2/repository/org/hamcrest/hamcrest-core/1.3/hamcrest-core-1.3.jar:/home/arnaudthovert/.m2/repository/org/hamcrest/hamcrest-library/1.3/hamcrest-library-1.3.jar:/home/arnaudthovert/.m2/repository/org/skyscreamer/jsonassert/1.5.0/jsonassert-1.5.0.jar:/home/arnaudthovert/.m2/repository/org/xmlunit/xmlunit-core/2.5.1/xmlunit-core-2.5.1.jar:/home/arnaudthovert/.m2/repository/org/springframework/boot/spring-boot-starter-web/2.0.4.RELEASE/spring-boot-starter-web-2.0.4.RELEASE.jar:/home/arnaudthovert/.m2/repository/org/springframework/boot/spring-boot-starter-json/2.0.4.RELEASE/spring-boot-starter-json-2.0.4.RELEASE.jar:/home/arnaudthovert/.m2/repository/com/fasterxml/jackson/datatype/jackson-datatype-jdk8/2.9.6/jackson-datatype-jdk8-2.9.6.jar:/home/arnaudthovert/.m2/repository/com/fasterxml/jackson/module/jackson-module-parameter-names/2.9.6/jackson-module-parameter-names-2.9.6.jar:/home/arnaudthovert/.m2/repository/org/springframework/boot/spring-boot-starter-tomcat/2.0.4.RELEASE/spring-boot-starter-tomcat-2.0.4.RELEASE.jar:/home/arnaudthovert/.m2/repository/org/apache/tomcat/embed/tomcat-embed-core/8.5.32/tomcat-embed-core-8.5.32.jar:/home/arnaudthovert/.m2/repository/org/apache/tomcat/embed/tomcat-embed-el/8.5.32/tomcat-embed-el-8.5.32.jar:/home/arnaudthovert/.m2/repository/org/apache/tomcat/embed/tomcat-embed-websocket/8.5.32/tomcat-embed-websocket-8.5.32.jar:/home/arnaudthovert/.m2/repository/org/hibernate/validator/hibernate-validator/6.0.11.Final/hibernate-validator-6.0.11.Final.jar:/home/arnaudthovert/.m2/repository/javax/validation/validation-api/2.0.1.Final/validation-api-2.0.1.Final.jar:/home/arnaudthovert/.m2/repository/org/openjfx/javafx.base/11.0.0-SNAPSHOT/javafx.base-11.0.0-SNAPSHOT.jar:/home/arnaudthovert/.m2/repository/org/openjfx/javafx.base/11.0.0-SNAPSHOT/javafx.base-11.0.0-SNAPSHOT-linux.jar:/home/arnaudthovert/.m2/repository/org/openjfx/javafx.base/11.0.0-SNAPSHOT/javafx.base-11.0.0-SNAPSHOT-mac.jar:/home/arnaudthovert/.m2/repository/org/openjfx/javafx.base/11.0.0-SNAPSHOT/javafx.base-11.0.0-SNAPSHOT-win.jar:/home/arnaudthovert/.m2/repository/org/springframework/spring-web/5.0.8.RELEASE/spring-web-5.0.8.RELEASE.jar:/home/arnaudthovert/.m2/repository/org/springframework/spring-webmvc/5.0.8.RELEASE/spring-webmvc-5.0.8.RELEASE.jar:/home/arnaudthovert/.m2/repository/org/springframework/spring-expression/5.0.8.RELEASE/spring-expression-5.0.8.RELEASE.jar:/home/arnaudthovert/.m2/repository/com/h2database/h2/1.4.197/h2-1.4.197.jar:/home/arnaudthovert/.m2/repository/org/springframework/cloud/spring-cloud-starter-sleuth/2.0.0.RELEASE/spring-cloud-starter-sleuth-2.0.0.RELEASE.jar:/home/arnaudthovert/.m2/repository/org/springframework/cloud/spring-cloud-starter/2.0.0.RELEASE/spring-cloud-starter-2.0.0.RELEASE.jar:/home/arnaudthovert/.m2/repository/org/springframework/cloud/spring-cloud-context/2.0.0.RELEASE/spring-cloud-context-2.0.0.RELEASE.jar:/home/arnaudthovert/.m2/repository/org/springframework/security/spring-security-rsa/1.0.5.RELEASE/spring-security-rsa-1.0.5.RELEASE.jar:/home/arnaudthovert/.m2/repository/org/bouncycastle/bcpkix-jdk15on/1.56/bcpkix-jdk15on-1.56.jar:/home/arnaudthovert/.m2/repository/org/bouncycastle/bcprov-jdk15on/1.56/bcprov-jdk15on-1.56.jar:/home/arnaudthovert/.m2/repository/org/springframework/cloud/spring-cloud-sleuth-core/2.0.0.RELEASE/spring-cloud-sleuth-core-2.0.0.RELEASE.jar:/home/arnaudthovert/.m2/repository/org/aspectj/aspectjrt/1.8.13/aspectjrt-1.8.13.jar:/home/arnaudthovert/.m2/repository/io/zipkin/brave/brave/5.1.0/brave-5.1.0.jar:/home/arnaudthovert/.m2/repository/io/zipkin/brave/brave-context-log4j2/5.1.0/brave-context-log4j2-5.1.0.jar:/home/arnaudthovert/.m2/repository/io/zipkin/brave/brave-instrumentation-spring-web/5.1.0/brave-instrumentation-spring-web-5.1.0.jar:/home/arnaudthovert/.m2/repository/io/zipkin/brave/brave-instrumentation-http/5.1.0/brave-instrumentation-http-5.1.0.jar:/home/arnaudthovert/.m2/repository/io/zipkin/brave/brave-instrumentation-spring-rabbit/5.1.0/brave-instrumentation-spring-rabbit-5.1.0.jar:/home/arnaudthovert/.m2/repository/io/zipkin/brave/brave-instrumentation-kafka-clients/5.1.0/brave-instrumentation-kafka-clients-5.1.0.jar:/home/arnaudthovert/.m2/repository/io/zipkin/brave/brave-instrumentation-httpclient/5.1.0/brave-instrumentation-httpclient-5.1.0.jar:/home/arnaudthovert/.m2/repository/io/zipkin/brave/brave-instrumentation-httpasyncclient/5.1.0/brave-instrumentation-httpasyncclient-5.1.0.jar:/home/arnaudthovert/.m2/repository/io/zipkin/brave/brave-instrumentation-spring-webmvc/5.1.0/brave-instrumentation-spring-webmvc-5.1.0.jar:/home/arnaudthovert/.m2/repository/io/zipkin/brave/brave-instrumentation-servlet/5.1.0/brave-instrumentation-servlet-5.1.0.jar:/home/arnaudthovert/.m2/repository/org/springframework/cloud/spring-cloud-sleuth-zipkin/2.0.0.RELEASE/spring-cloud-sleuth-zipkin-2.0.0.RELEASE.jar:/home/arnaudthovert/.m2/repository/org/springframework/cloud/spring-cloud-commons/2.0.0.RELEASE/spring-cloud-commons-2.0.0.RELEASE.jar:/home/arnaudthovert/.m2/repository/org/springframework/security/spring-security-crypto/5.0.7.RELEASE/spring-security-crypto-5.0.7.RELEASE.jar:/home/arnaudthovert/.m2/repository/io/zipkin/zipkin2/zipkin/2.9.3/zipkin-2.9.3.jar:/home/arnaudthovert/.m2/repository/io/zipkin/reporter2/zipkin-reporter/2.7.3/zipkin-reporter-2.7.3.jar:/home/arnaudthovert/.m2/repository/io/zipkin/reporter2/zipkin-sender-kafka11/2.7.3/zipkin-sender-kafka11-2.7.3.jar:/home/arnaudthovert/.m2/repository/io/zipkin/reporter2/zipkin-sender-amqp-client/2.7.3/zipkin-sender-amqp-client-2.7.3.jar:/home/arnaudthovert/.m2/repository/commons-collections/commons-collections/3.2.2/commons-collections-3.2.2.jar:/home/arnaudthovert/.m2/repository/net/logstash/logback/logstash-logback-encoder/4.11/logstash-logback-encoder-4.11.jar:/home/arnaudthovert/.m2/repository/ch/qos/logback/logback-core/1.2.3/logback-core-1.2.3.jar:/home/arnaudthovert/.m2/repository/com/fasterxml/jackson/core/jackson-databind/2.9.6/jackson-databind-2.9.6.jar:/home/arnaudthovert/.m2/repository/javax/xml/bind/jaxb-api/2.3.1/jaxb-api-2.3.1.jar:/home/arnaudthovert/.m2/repository/javax/activation/javax.activation-api/1.2.0/javax.activation-api-1.2.0.jar:/home/arnaudthovert/.m2/repository/org/glassfish/jaxb/jaxb-runtime/2.3.3/jaxb-runtime-2.3.3.jar:/home/arnaudthovert/.m2/repository/jakarta/xml/bind/jakarta.xml.bind-api/2.3.3/jakarta.xml.bind-api-2.3.3.jar:/home/arnaudthovert/.m2/repository/org/glassfish/jaxb/txw2/2.3.3/txw2-2.3.3.jar:/home/arnaudthovert/.m2/repository/com/sun/istack/istack-commons-runtime/3.0.11/istack-commons-runtime-3.0.11.jar:/home/arnaudthovert/.m2/repository/com/sun/activation/jakarta.activation/1.2.2/jakarta.activation-1.2.2.jar:/home/arnaudthovert/.m2/repository/com/fasterxml/jackson/dataformat/jackson-dataformat-xml/2.9.6/jackson-dataformat-xml-2.9.6.jar:/home/arnaudthovert/.m2/repository/com/fasterxml/jackson/core/jackson-core/2.9.6/jackson-core-2.9.6.jar:/home/arnaudthovert/.m2/repository/com/fasterxml/jackson/core/jackson-annotations/2.9.0/jackson-annotations-2.9.0.jar:/home/arnaudthovert/.m2/repository/com/fasterxml/jackson/module/jackson-module-jaxb-annotations/2.9.6/jackson-module-jaxb-annotations-2.9.6.jar:/home/arnaudthovert/.m2/repository/org/codehaus/woodstox/stax2-api/3.1.4/stax2-api-3.1.4.jar:/home/arnaudthovert/.m2/repository/com/fasterxml/woodstox/woodstox-core/5.0.3/woodstox-core-5.0.3.jar:/home/arnaudthovert/.m2/repository/com/fasterxml/jackson/datatype/jackson-datatype-joda/2.9.6/jackson-datatype-joda-2.9.6.jar:/home/arnaudthovert/.m2/repository/joda-time/joda-time/2.9.9/joda-time-2.9.9.jar:/home/arnaudthovert/.m2/repository/org/junit/jupiter/junit-jupiter-api/5.1.1/junit-jupiter-api-5.1.1.jar:/home/arnaudthovert/.m2/repository/org/apiguardian/apiguardian-api/1.0.0/apiguardian-api-1.0.0.jar:/home/arnaudthovert/.m2/repository/org/opentest4j/opentest4j/1.0.0/opentest4j-1.0.0.jar:/home/arnaudthovert/.m2/repository/org/junit/platform/junit-platform-commons/1.1.1/junit-platform-commons-1.1.1.jar:/home/arnaudthovert/.m2/repository/org/mockito/mockito-core/2.15.0/mockito-core-2.15.0.jar:/home/arnaudthovert/.m2/repository/net/bytebuddy/byte-buddy/1.7.11/byte-buddy-1.7.11.jar:/home/arnaudthovert/.m2/repository/net/bytebuddy/byte-buddy-agent/1.7.11/byte-buddy-agent-1.7.11.jar:/home/arnaudthovert/.m2/repository/org/objenesis/objenesis/2.6/objenesis-2.6.jar:/home/arnaudthovert/.m2/repository/org/assertj/assertj-core/3.9.1/assertj-core-3.9.1.jar:/home/arnaudthovert/.m2/repository/org/springframework/boot/spring-boot-test/2.0.4.RELEASE/spring-boot-test-2.0.4.RELEASE.jar:/home/arnaudthovert/.m2/repository/org/springframework/spring-test/5.0.8.RELEASE/spring-test-5.0.8.RELEASE.jar:, java.vm.vendor=Ubuntu, sun.arch.data.model=64, java.vendor.url=https://ubuntu.com/, user.timezone=Europe/Paris, java.vm.specification.version=17, os.name=Linux, sun.java.launcher=SUN_STANDARD, user.country=FR, sun.boot.library.path=/usr/lib/jvm/java-17-openjdk-amd64/lib, sun.java.command=/home/arnaudthovert/ECF/Activite2/spring-boot-hello-world/target/surefire/surefirebooter-20250721200144299_3.jar /home/arnaudthovert/ECF/Activite2/spring-boot-hello-world/target/surefire 2025-07-21T20-01-43_835-jvmRun1 surefire-20250721200144299_1tmp surefire_0-20250721200144299_2tmp, jdk.debug=release, surefire.test.class.path=/home/arnaudthovert/ECF/Activite2/spring-boot-hello-world/target/test-classes:/home/arnaudthovert/ECF/Activite2/spring-boot-hello-world/target/classes:/home/arnaudthovert/.m2/repository/org/springframework/boot/spring-boot-starter/2.0.4.RELEASE/spring-boot-starter-2.0.4.RELEASE.jar:/home/arnaudthovert/.m2/repository/org/springframework/boot/spring-boot/2.0.4.RELEASE/spring-boot-2.0.4.RELEASE.jar:/home/arnaudthovert/.m2/repository/org/springframework/spring-context/5.0.8.RELEASE/spring-context-5.0.8.RELEASE.jar:/home/arnaudthovert/.m2/repository/org/springframework/boot/spring-boot-autoconfigure/2.0.4.RELEASE/spring-boot-autoconfigure-2.0.4.RELEASE.jar:/home/arnaudthovert/.m2/repository/org/springframework/boot/spring-boot-starter-logging/2.0.4.RELEASE/spring-boot-starter-logging-2.0.4.RELEASE.jar:/home/arnaudthovert/.m2/repository/ch/qos/logback/logback-classic/1.2.3/logback-classic-1.2.3.jar:/home/arnaudthovert/.m2/repository/org/apache/logging/log4j/log4j-to-slf4j/2.10.0/log4j-to-slf4j-2.10.0.jar:/home/arnaudthovert/.m2/repository/org/apache/logging/log4j/log4j-api/2.10.0/log4j-api-2.10.0.jar:/home/arnaudthovert/.m2/repository/org/slf4j/jul-to-slf4j/1.7.25/jul-to-slf4j-1.7.25.jar:/home/arnaudthovert/.m2/repository/javax/annotation/javax.annotation-api/1.3.2/javax.annotation-api-1.3.2.jar:/home/arnaudthovert/.m2/repository/org/springframework/spring-core/5.0.8.RELEASE/spring-core-5.0.8.RELEASE.jar:/home/arnaudthovert/.m2/repository/org/springframework/spring-jcl/5.0.8.RELEASE/spring-jcl-5.0.8.RELEASE.jar:/home/arnaudthovert/.m2/repository/org/yaml/snakeyaml/1.19/snakeyaml-1.19.jar:/home/arnaudthovert/.m2/repository/org/springframework/boot/spring-boot-starter-actuator/2.0.4.RELEASE/spring-boot-starter-actuator-2.0.4.RELEASE.jar:/home/arnaudthovert/.m2/repository/org/springframework/boot/spring-boot-actuator-autoconfigure/2.0.4.RELEASE/spring-boot-actuator-autoconfigure-2.0.4.RELEASE.jar:/home/arnaudthovert/.m2/repository/org/springframework/boot/spring-boot-actuator/2.0.4.RELEASE/spring-boot-actuator-2.0.4.RELEASE.jar:/home/arnaudthovert/.m2/repository/com/fasterxml/jackson/datatype/jackson-datatype-jsr310/2.9.6/jackson-datatype-jsr310-2.9.6.jar:/home/arnaudthovert/.m2/repository/io/micrometer/micrometer-core/1.0.6/micrometer-core-1.0.6.jar:/home/arnaudthovert/.m2/repository/org/hdrhistogram/HdrHistogram/2.1.10/HdrHistogram-2.1.10.jar:/home/arnaudthovert/.m2/repository/org/latencyutils/LatencyUtils/2.0.3/LatencyUtils-2.0.3.jar:/home/arnaudthovert/.m2/repository/org/springframework/boot/spring-boot-starter-data-jpa/2.0.4.RELEASE/spring-boot-starter-data-jpa-2.0.4.RELEASE.jar:/home/arnaudthovert/.m2/repository/org/springframework/boot/spring-boot-starter-aop/2.0.4.RELEASE/spring-boot-starter-aop-2.0.4.RELEASE.jar:/home/arnaudthovert/.m2/repository/org/springframework/spring-aop/5.0.8.RELEASE/spring-aop-5.0.8.RELEASE.jar:/home/arnaudthovert/.m2/repository/org/aspectj/aspectjweaver/1.8.13/aspectjweaver-1.8.13.jar:/home/arnaudthovert/.m2/repository/org/springframework/boot/spring-boot-starter-jdbc/2.0.4.RELEASE/spring-boot-starter-jdbc-2.0.4.RELEASE.jar:/home/arnaudthovert/.m2/repository/com/zaxxer/HikariCP/2.7.9/HikariCP-2.7.9.jar:/home/arnaudthovert/.m2/repository/org/springframework/spring-jdbc/5.0.8.RELEASE/spring-jdbc-5.0.8.RELEASE.jar:/home/arnaudthovert/.m2/repository/org/hibernate/hibernate-core/5.2.17.Final/hibernate-core-5.2.17.Final.jar:/home/arnaudthovert/.m2/repository/org/jboss/logging/jboss-logging/3.3.2.Final/jboss-logging-3.3.2.Final.jar:/home/arnaudthovert/.m2/repository/org/hibernate/javax/persistence/hibernate-jpa-2.1-api/1.0.2.Final/hibernate-jpa-2.1-api-1.0.2.Final.jar:/home/arnaudthovert/.m2/repository/org/javassist/javassist/3.22.0-GA/javassist-3.22.0-GA.jar:/home/arnaudthovert/.m2/repository/antlr/antlr/2.7.7/antlr-2.7.7.jar:/home/arnaudthovert/.m2/repository/org/jboss/jandex/2.0.3.Final/jandex-2.0.3.Final.jar:/home/arnaudthovert/.m2/repository/com/fasterxml/classmate/1.3.4/classmate-1.3.4.jar:/home/arnaudthovert/.m2/repository/dom4j/dom4j/1.6.1/dom4j-1.6.1.jar:/home/arnaudthovert/.m2/repository/org/hibernate/common/hibernate-commons-annotations/5.0.1.Final/hibernate-commons-annotations-5.0.1.Final.jar:/home/arnaudthovert/.m2/repository/javax/transaction/javax.transaction-api/1.2/javax.transaction-api-1.2.jar:/home/arnaudthovert/.m2/repository/org/springframework/data/spring-data-jpa/2.0.9.RELEASE/spring-data-jpa-2.0.9.RELEASE.jar:/home/arnaudthovert/.m2/repository/org/springframework/data/spring-data-commons/2.0.9.RELEASE/spring-data-commons-2.0.9.RELEASE.jar:/home/arnaudthovert/.m2/repository/org/springframework/spring-orm/5.0.8.RELEASE/spring-orm-5.0.8.RELEASE.jar:/home/arnaudthovert/.m2/repository/org/springframework/spring-tx/5.0.8.RELEASE/spring-tx-5.0.8.RELEASE.jar:/home/arnaudthovert/.m2/repository/org/springframework/spring-beans/5.0.8.RELEASE/spring-beans-5.0.8.RELEASE.jar:/home/arnaudthovert/.m2/repository/org/slf4j/slf4j-api/1.7.25/slf4j-api-1.7.25.jar:/home/arnaudthovert/.m2/repository/org/springframework/spring-aspects/5.0.8.RELEASE/spring-aspects-5.0.8.RELEASE.jar:/home/arnaudthovert/.m2/repository/org/springframework/boot/spring-boot-starter-test/2.0.4.RELEASE/spring-boot-starter-test-2.0.4.RELEASE.jar:/home/arnaudthovert/.m2/repository/org/springframework/boot/spring-boot-test-autoconfigure/2.0.4.RELEASE/spring-boot-test-autoconfigure-2.0.4.RELEASE.jar:/home/arnaudthovert/.m2/repository/com/jayway/jsonpath/json-path/2.4.0/json-path-2.4.0.jar:/home/arnaudthovert/.m2/repository/net/minidev/json-smart/2.3/json-smart-2.3.jar:/home/arnaudthovert/.m2/repository/net/minidev/accessors-smart/1.2/accessors-smart-1.2.jar:/home/arnaudthovert/.m2/repository/org/ow2/asm/asm/5.0.4/asm-5.0.4.jar:/home/arnaudthovert/.m2/repository/junit/junit/4.12/junit-4.12.jar:/home/arnaudthovert/.m2/repository/org/hamcrest/hamcrest-core/1.3/hamcrest-core-1.3.jar:/home/arnaudthovert/.m2/repository/org/hamcrest/hamcrest-library/1.3/hamcrest-library-1.3.jar:/home/arnaudthovert/.m2/repository/org/skyscreamer/jsonassert/1.5.0/jsonassert-1.5.0.jar:/home/arnaudthovert/.m2/repository/org/xmlunit/xmlunit-core/2.5.1/xmlunit-core-2.5.1.jar:/home/arnaudthovert/.m2/repository/org/springframework/boot/spring-boot-starter-web/2.0.4.RELEASE/spring-boot-starter-web-2.0.4.RELEASE.jar:/home/arnaudthovert/.m2/repository/org/springframework/boot/spring-boot-starter-json/2.0.4.RELEASE/spring-boot-starter-json-2.0.4.RELEASE.jar:/home/arnaudthovert/.m2/repository/com/fasterxml/jackson/datatype/jackson-datatype-jdk8/2.9.6/jackson-datatype-jdk8-2.9.6.jar:/home/arnaudthovert/.m2/repository/com/fasterxml/jackson/module/jackson-module-parameter-names/2.9.6/jackson-module-parameter-names-2.9.6.jar:/home/arnaudthovert/.m2/repository/org/springframework/boot/spring-boot-starter-tomcat/2.0.4.RELEASE/spring-boot-starter-tomcat-2.0.4.RELEASE.jar:/home/arnaudthovert/.m2/repository/org/apache/tomcat/embed/tomcat-embed-core/8.5.32/tomcat-embed-core-8.5.32.jar:/home/arnaudthovert/.m2/repository/org/apache/tomcat/embed/tomcat-embed-el/8.5.32/tomcat-embed-el-8.5.32.jar:/home/arnaudthovert/.m2/repository/org/apache/tomcat/embed/tomcat-embed-websocket/8.5.32/tomcat-embed-websocket-8.5.32.jar:/home/arnaudthovert/.m2/repository/org/hibernate/validator/hibernate-validator/6.0.11.Final/hibernate-validator-6.0.11.Final.jar:/home/arnaudthovert/.m2/repository/javax/validation/validation-api/2.0.1.Final/validation-api-2.0.1.Final.jar:/home/arnaudthovert/.m2/repository/org/openjfx/javafx.base/11.0.0-SNAPSHOT/javafx.base-11.0.0-SNAPSHOT.jar:/home/arnaudthovert/.m2/repository/org/openjfx/javafx.base/11.0.0-SNAPSHOT/javafx.base-11.0.0-SNAPSHOT-linux.jar:/home/arnaudthovert/.m2/repository/org/openjfx/javafx.base/11.0.0-SNAPSHOT/javafx.base-11.0.0-SNAPSHOT-mac.jar:/home/arnaudthovert/.m2/repository/org/openjfx/javafx.base/11.0.0-SNAPSHOT/javafx.base-11.0.0-SNAPSHOT-win.jar:/home/arnaudthovert/.m2/repository/org/springframework/spring-web/5.0.8.RELEASE/spring-web-5.0.8.RELEASE.jar:/home/arnaudthovert/.m2/repository/org/springframework/spring-webmvc/5.0.8.RELEASE/spring-webmvc-5.0.8.RELEASE.jar:/home/arnaudthovert/.m2/repository/org/springframework/spring-expression/5.0.8.RELEASE/spring-expression-5.0.8.RELEASE.jar:/home/arnaudthovert/.m2/repository/com/h2database/h2/1.4.197/h2-1.4.197.jar:/home/arnaudthovert/.m2/repository/org/springframework/cloud/spring-cloud-starter-sleuth/2.0.0.RELEASE/spring-cloud-starter-sleuth-2.0.0.RELEASE.jar:/home/arnaudthovert/.m2/repository/org/springframework/cloud/spring-cloud-starter/2.0.0.RELEASE/spring-cloud-starter-2.0.0.RELEASE.jar:/home/arnaudthovert/.m2/repository/org/springframework/cloud/spring-cloud-context/2.0.0.RELEASE/spring-cloud-context-2.0.0.RELEASE.jar:/home/arnaudthovert/.m2/repository/org/springframework/security/spring-security-rsa/1.0.5.RELEASE/spring-security-rsa-1.0.5.RELEASE.jar:/home/arnaudthovert/.m2/repository/org/bouncycastle/bcpkix-jdk15on/1.56/bcpkix-jdk15on-1.56.jar:/home/arnaudthovert/.m2/repository/org/bouncycastle/bcprov-jdk15on/1.56/bcprov-jdk15on-1.56.jar:/home/arnaudthovert/.m2/repository/org/springframework/cloud/spring-cloud-sleuth-core/2.0.0.RELEASE/spring-cloud-sleuth-core-2.0.0.RELEASE.jar:/home/arnaudthovert/.m2/repository/org/aspectj/aspectjrt/1.8.13/aspectjrt-1.8.13.jar:/home/arnaudthovert/.m2/repository/io/zipkin/brave/brave/5.1.0/brave-5.1.0.jar:/home/arnaudthovert/.m2/repository/io/zipkin/brave/brave-context-log4j2/5.1.0/brave-context-log4j2-5.1.0.jar:/home/arnaudthovert/.m2/repository/io/zipkin/brave/brave-instrumentation-spring-web/5.1.0/brave-instrumentation-spring-web-5.1.0.jar:/home/arnaudthovert/.m2/repository/io/zipkin/brave/brave-instrumentation-http/5.1.0/brave-instrumentation-http-5.1.0.jar:/home/arnaudthovert/.m2/repository/io/zipkin/brave/brave-instrumentation-spring-rabbit/5.1.0/brave-instrumentation-spring-rabbit-5.1.0.jar:/home/arnaudthovert/.m2/repository/io/zipkin/brave/brave-instrumentation-kafka-clients/5.1.0/brave-instrumentation-kafka-clients-5.1.0.jar:/home/arnaudthovert/.m2/repository/io/zipkin/brave/brave-instrumentation-httpclient/5.1.0/brave-instrumentation-httpclient-5.1.0.jar:/home/arnaudthovert/.m2/repository/io/zipkin/brave/brave-instrumentation-httpasyncclient/5.1.0/brave-instrumentation-httpasyncclient-5.1.0.jar:/home/arnaudthovert/.m2/repository/io/zipkin/brave/brave-instrumentation-spring-webmvc/5.1.0/brave-instrumentation-spring-webmvc-5.1.0.jar:/home/arnaudthovert/.m2/repository/io/zipkin/brave/brave-instrumentation-servlet/5.1.0/brave-instrumentation-servlet-5.1.0.jar:/home/arnaudthovert/.m2/repository/org/springframework/cloud/spring-cloud-sleuth-zipkin/2.0.0.RELEASE/spring-cloud-sleuth-zipkin-2.0.0.RELEASE.jar:/home/arnaudthovert/.m2/repository/org/springframework/cloud/spring-cloud-commons/2.0.0.RELEASE/spring-cloud-commons-2.0.0.RELEASE.jar:/home/arnaudthovert/.m2/repository/org/springframework/security/spring-security-crypto/5.0.7.RELEASE/spring-security-crypto-5.0.7.RELEASE.jar:/home/arnaudthovert/.m2/repository/io/zipkin/zipkin2/zipkin/2.9.3/zipkin-2.9.3.jar:/home/arnaudthovert/.m2/repository/io/zipkin/reporter2/zipkin-reporter/2.7.3/zipkin-reporter-2.7.3.jar:/home/arnaudthovert/.m2/repository/io/zipkin/reporter2/zipkin-sender-kafka11/2.7.3/zipkin-sender-kafka11-2.7.3.jar:/home/arnaudthovert/.m2/repository/io/zipkin/reporter2/zipkin-sender-amqp-client/2.7.3/zipkin-sender-amqp-client-2.7.3.jar:/home/arnaudthovert/.m2/repository/commons-collections/commons-collections/3.2.2/commons-collections-3.2.2.jar:/home/arnaudthovert/.m2/repository/net/logstash/logback/logstash-logback-encoder/4.11/logstash-logback-encoder-4.11.jar:/home/arnaudthovert/.m2/repository/ch/qos/logback/logback-core/1.2.3/logback-core-1.2.3.jar:/home/arnaudthovert/.m2/repository/com/fasterxml/jackson/core/jackson-databind/2.9.6/jackson-databind-2.9.6.jar:/home/arnaudthovert/.m2/repository/javax/xml/bind/jaxb-api/2.3.1/jaxb-api-2.3.1.jar:/home/arnaudthovert/.m2/repository/javax/activation/javax.activation-api/1.2.0/javax.activation-api-1.2.0.jar:/home/arnaudthovert/.m2/repository/org/glassfish/jaxb/jaxb-runtime/2.3.3/jaxb-runtime-2.3.3.jar:/home/arnaudthovert/.m2/repository/jakarta/xml/bind/jakarta.xml.bind-api/2.3.3/jakarta.xml.bind-api-2.3.3.jar:/home/arnaudthovert/.m2/repository/org/glassfish/jaxb/txw2/2.3.3/txw2-2.3.3.jar:/home/arnaudthovert/.m2/repository/com/sun/istack/istack-commons-runtime/3.0.11/istack-commons-runtime-3.0.11.jar:/home/arnaudthovert/.m2/repository/com/sun/activation/jakarta.activation/1.2.2/jakarta.activation-1.2.2.jar:/home/arnaudthovert/.m2/repository/com/fasterxml/jackson/dataformat/jackson-dataformat-xml/2.9.6/jackson-dataformat-xml-2.9.6.jar:/home/arnaudthovert/.m2/repository/com/fasterxml/jackson/core/jackson-core/2.9.6/jackson-core-2.9.6.jar:/home/arnaudthovert/.m2/repository/com/fasterxml/jackson/core/jackson-annotations/2.9.0/jackson-annotations-2.9.0.jar:/home/arnaudthovert/.m2/repository/com/fasterxml/jackson/module/jackson-module-jaxb-annotations/2.9.6/jackson-module-jaxb-annotations-2.9.6.jar:/home/arnaudthovert/.m2/repository/org/codehaus/woodstox/stax2-api/3.1.4/stax2-api-3.1.4.jar:/home/arnaudthovert/.m2/repository/com/fasterxml/woodstox/woodstox-core/5.0.3/woodstox-core-5.0.3.jar:/home/arnaudthovert/.m2/repository/com/fasterxml/jackson/datatype/jackson-datatype-joda/2.9.6/jackson-datatype-joda-2.9.6.jar:/home/arnaudthovert/.m2/repository/joda-time/joda-time/2.9.9/joda-time-2.9.9.jar:/home/arnaudthovert/.m2/repository/org/junit/jupiter/junit-jupiter-api/5.1.1/junit-jupiter-api-5.1.1.jar:/home/arnaudthovert/.m2/repository/org/apiguardian/apiguardian-api/1.0.0/apiguardian-api-1.0.0.jar:/home/arnaudthovert/.m2/repository/org/opentest4j/opentest4j/1.0.0/opentest4j-1.0.0.jar:/home/arnaudthovert/.m2/repository/org/junit/platform/junit-platform-commons/1.1.1/junit-platform-commons-1.1.1.jar:/home/arnaudthovert/.m2/repository/org/mockito/mockito-core/2.15.0/mockito-core-2.15.0.jar:/home/arnaudthovert/.m2/repository/net/bytebuddy/byte-buddy/1.7.11/byte-buddy-1.7.11.jar:/home/arnaudthovert/.m2/repository/net/bytebuddy/byte-buddy-agent/1.7.11/byte-buddy-agent-1.7.11.jar:/home/arnaudthovert/.m2/repository/org/objenesis/objenesis/2.6/objenesis-2.6.jar:/home/arnaudthovert/.m2/repository/org/assertj/assertj-core/3.9.1/assertj-core-3.9.1.jar:/home/arnaudthovert/.m2/repository/org/springframework/boot/spring-boot-test/2.0.4.RELEASE/spring-boot-test-2.0.4.RELEASE.jar:/home/arnaudthovert/.m2/repository/org/springframework/spring-test/5.0.8.RELEASE/spring-test-5.0.8.RELEASE.jar:, sun.cpu.endian=little, user.home=/home/arnaudthovert, user.language=fr, java.specification.vendor=Oracle Corporation, java.version.date=2025-04-15, java.home=/usr/lib/jvm/java-17-openjdk-amd64, file.separator=/, basedir=/home/arnaudthovert/ECF/Activite2/spring-boot-hello-world, java.vm.compressedOopsMode=32-bit, line.separator=
, java.vm.specification.vendor=Oracle Corporation, java.specification.name=Java Platform API Specification, surefire.real.class.path=/home/arnaudthovert/ECF/Activite2/spring-boot-hello-world/target/surefire/surefirebooter-20250721200144299_3.jar, sun.management.compiler=HotSpot 64-Bit Tiered Compilers, java.runtime.version=17.0.15+6-Ubuntu-0ubuntu122.04, user.name=arnaudthovert, path.separator=:, os.version=6.8.0-64-generic, java.runtime.name=OpenJDK Runtime Environment, file.encoding=UTF-8, java.vm.name=OpenJDK 64-Bit Server VM, localRepository=/home/arnaudthovert/.m2/repository, java.vendor.url.bug=https://bugs.launchpad.net/ubuntu/+source/openjdk-17, java.io.tmpdir=/tmp, java.version=17.0.15, user.dir=/home/arnaudthovert/ECF/Activite2/spring-boot-hello-world, os.arch=amd64, java.vm.specification.name=Java Virtual Machine Specification, native.encoding=UTF-8, java.library.path=/usr/java/packages/lib:/usr/lib/x86_64-linux-gnu/jni:/lib/x86_64-linux-gnu:/usr/lib/x86_64-linux-gnu:/usr/lib/jni:/lib:/usr/lib, java.vm.info=mixed mode, sharing, java.vendor=Ubuntu, java.vm.version=17.0.15+6-Ubuntu-0ubuntu122.04, java.specification.maintenance.version=1, sun.io.unicode.encoding=UnicodeLittle, java.class.version=61.0}}, SystemEnvironmentPropertySource@2090991873 {name='systemEnvironment', properties={PATH=/usr/local/sbin:/usr/local/bin:/usr/sbin:/usr/bin:/sbin:/bin:/usr/games:/usr/local/games:/snap/bin:/snap/bin, XAUTHORITY=/run/user/1000/.mutter-Xwaylandauth.BYYW92, XMODIFIERS=@im=ibus, XDG_DATA_DIRS=/usr/share/ubuntu:/usr/local/share/:/usr/share/:/var/lib/snapd/desktop, GDMSESSION=ubuntu, QT_IM_MODULE=ibus, JAVA_HOME=/usr/lib/jvm/java-17-openjdk-amd64, TERM=xterm-256color, XDG_CONFIG_DIRS=/etc/xdg/xdg-ubuntu:/etc/xdg, GNOME_TERMINAL_SERVICE=:1.123, LANG=fr_FR.UTF-8, DBUS_SESSION_BUS_ADDRESS=unix:path=/run/user/1000/bus,guid=8d82faa29dcc2233d9231c12687e7c25, XDG_SESSION_TYPE=wayland, XDG_CURRENT_DESKTOP=ubuntu:GNOME, DISPLAY=:0, WAYLAND_DISPLAY=wayland-0, COLORTERM=truecolor, SESSION_MANAGER=local/arnaudthovert-VirtualBox:@/tmp/.ICE-unix/1548,unix/arnaudthovert-VirtualBox:/tmp/.ICE-unix/1548, USERNAME=arnaudthovert, LOGNAME=arnaudthovert, PWD=/home/arnaudthovert/ECF/Activite2/spring-boot-hello-world, IM_CONFIG_PHASE=1, MAVEN_CMD_LINE_ARGS= clean package, XDG_SESSION_CLASS=user, _=./mvnw, SHELL=/bin/bash, MAVEN_PROJECTBASEDIR=/home/arnaudthovert/ECF/Activite2/spring-boot-hello-world, DESKTOP_SESSION=ubuntu, OLDPWD=/home/arnaudthovert/ECF/Activite2/spring-boot-hello-world, USER=arnaudthovert, XDG_MENU_PREFIX=gnome-, VTE_VERSION=6800, QT_ACCESSIBILITY=1, GNOME_DESKTOP_SESSION_ID=this-is-deprecated, SSH_AUTH_SOCK=/run/user/1000/keyring/ssh, GNOME_TERMINAL_SCREEN=/org/gnome/Terminal/screen/8a18962a_8da4_4df2_baab_155dbeb23cd4, GTK_MODULES=gail:atk-bridge, DBUS_STARTER_ADDRESS=unix:path=/run/user/1000/bus,guid=8d82faa29dcc2233d9231c12687e7c25, GNOME_SHELL_SESSION_MODE=ubuntu, SYSTEMD_EXEC_PID=1548, XDG_SESSION_DESKTOP=ubuntu, GNOME_SETUP_DISPLAY=:1, XDG_RUNTIME_DIR=/run/user/1000, SSH_AGENT_LAUNCHER=gnome-keyring, DBUS_STARTER_BUS_TYPE=session, HOME=/home/arnaudthovert, SHLVL=1}}]
20:01:50.594 [main] INFO org.springframework.boot.test.context.SpringBootTestContextBootstrapper - Found @SpringBootConfiguration com.testing.HelloWorldApplication for test class com.testing.HelloWorldIntegrationTest
20:01:50.612 [main] DEBUG org.springframework.boot.test.context.SpringBootTestContextBootstrapper - @TestExecutionListeners is not present for class [com.testing.HelloWorldIntegrationTest]: using defaults.
[...]
20:01:51.045 [main] DEBUG org.springframework.test.context.support.TestPropertySourceUtils - Adding inlined properties to environment: {spring.jmx.enabled=false, org.springframework.boot.test.context.SpringBootTestContextBootstrapper=true, server.port=0}
20:01:51.050 [main] DEBUG org.springframework.core.env.StandardEnvironment - Adding PropertySource 'Inlined Test Properties' with highest search precedence
2025-07-21 20:01:53.595  INFO [-,,,] 4590 --- [           main] s.c.a.AnnotationConfigApplicationContext : Refreshing org.springframework.context.annotation.AnnotationConfigApplicationContext@63cd604c: startup date [Mon Jul 21 20:01:53 CEST 2025]; root of context hierarchy
2025-07-21 20:01:55.475  INFO [-,,,] 4590 --- [           main] trationDelegate$BeanPostProcessorChecker : Bean 'configurationPropertiesRebinderAutoConfiguration' of type [org.springframework.cloud.autoconfigure.ConfigurationPropertiesRebinderAutoConfiguration$$EnhancerBySpringCGLIB$$3484e5e0] is not eligible for getting processed by all BeanPostProcessors (for example: not eligible for auto-proxying)

  .   ____          _            __ _ _
 /\\ / ___'_ __ _ _(_)_ __  __ _ \ \ \ \
( ( )\___ | '_ | '_| | '_ \/ _` | \ \ \ \
 \\/  ___)| |_)| | | | | || (_| |  ) ) ) )
  '  |____| .__|_| |_|_| |_\__, | / / / /
 =========|_|==============|___/=/_/_/_/
 :: Spring Boot ::        (v2.0.4.RELEASE)

2025-07-21 20:01:57.388  INFO [hello-world,,,] 4590 --- [           main] com.testing.HelloWorldIntegrationTest    : No active profile set, falling back to default profiles: default
2025-07-21 20:01:57.404  INFO [hello-world,,,] 4590 --- [           main] ConfigServletWebServerApplicationContext : Refreshing org.springframework.boot.web.servlet.context.AnnotationConfigServletWebServerApplicationContext@659a2455: startup date [Mon Jul 21 20:01:57 CEST 2025]; parent: org.springframework.context.annotation.AnnotationConfigApplicationContext@63cd604c
2025-07-21 20:02:01.502  INFO [hello-world,,,] 4590 --- [           main] o.s.b.f.s.DefaultListableBeanFactory     : Overriding bean definition for bean 'dataSource' with a different definition: replacing [Root bean: class [null]; scope=refresh; abstract=false; lazyInit=false; autowireMode=3; dependencyCheck=0; autowireCandidate=false; primary=false; factoryBeanName=org.springframework.boot.autoconfigure.jdbc.DataSourceConfiguration$Hikari; factoryMethodName=dataSource; initMethodName=null; destroyMethodName=(inferred); defined in class path resource [org/springframework/boot/autoconfigure/jdbc/DataSourceConfiguration$Hikari.class]] with [Root bean: class [org.springframework.aop.scope.ScopedProxyFactoryBean]; scope=; abstract=false; lazyInit=false; autowireMode=0; dependencyCheck=0; autowireCandidate=true; primary=false; factoryBeanName=null; factoryMethodName=null; initMethodName=null; destroyMethodName=null; defined in BeanDefinition defined in class path resource [org/springframework/boot/autoconfigure/jdbc/DataSourceConfiguration$Hikari.class]]
2025-07-21 20:02:02.532  INFO [hello-world,,,] 4590 --- [           main] o.s.cloud.context.scope.GenericScope     : BeanFactory id=3426897a-d620-3621-950f-29edad6a8995
2025-07-21 20:02:03.600  INFO [hello-world,,,] 4590 --- [           main] trationDelegate$BeanPostProcessorChecker : Bean 'org.springframework.transaction.annotation.ProxyTransactionManagementConfiguration' of type [org.springframework.transaction.annotation.ProxyTransactionManagementConfiguration$$EnhancerBySpringCGLIB$$186ae2e3] is not eligible for getting processed by all BeanPostProcessors (for example: not eligible for auto-proxying)
2025-07-21 20:02:03.837  INFO [hello-world,,,] 4590 --- [           main] trationDelegate$BeanPostProcessorChecker : Bean 'org.springframework.cloud.autoconfigure.ConfigurationPropertiesRebinderAutoConfiguration' of type [org.springframework.cloud.autoconfigure.ConfigurationPropertiesRebinderAutoConfiguration$$EnhancerBySpringCGLIB$$3484e5e0] is not eligible for getting processed by all BeanPostProcessors (for example: not eligible for auto-proxying)
2025-07-21 20:02:05.674  INFO [hello-world,,,] 4590 --- [           main] o.s.b.w.embedded.tomcat.TomcatWebServer  : Tomcat initialized with port(s): 0 (http)
2025-07-21 20:02:05.790  INFO [hello-world,,,] 4590 --- [           main] o.apache.catalina.core.StandardService   : Starting service [Tomcat]
2025-07-21 20:02:05.791  INFO [hello-world,,,] 4590 --- [           main] org.apache.catalina.core.StandardEngine  : Starting Servlet Engine: Apache Tomcat/8.5.32
2025-07-21 20:02:05.853  INFO [hello-world,,,] 4590 --- [ost-startStop-1] o.a.catalina.core.AprLifecycleListener   : The APR based Apache Tomcat Native library which allows optimal performance in production environments was not found on the java.library.path: [/usr/java/packages/lib:/usr/lib/x86_64-linux-gnu/jni:/lib/x86_64-linux-gnu:/usr/lib/x86_64-linux-gnu:/usr/lib/jni:/lib:/usr/lib]
2025-07-21 20:02:06.329  INFO [hello-world,,,] 4590 --- [ost-startStop-1] o.a.c.c.C.[Tomcat].[localhost].[/]       : Initializing Spring embedded WebApplicationContext
2025-07-21 20:02:06.329  INFO [hello-world,,,] 4590 --- [ost-startStop-1] o.s.web.context.ContextLoader            : Root WebApplicationContext: initialization completed in 8925 ms
2025-07-21 20:02:11.231  INFO [hello-world,,,] 4590 --- [ost-startStop-1] o.s.b.w.servlet.FilterRegistrationBean   : Mapping filter: 'characterEncodingFilter' to: [/*]
2025-07-21 20:02:11.236  INFO [hello-world,,,] 4590 --- [ost-startStop-1] o.s.b.w.servlet.FilterRegistrationBean   : Mapping filter: 'webMvcMetricsFilter' to: [/*]
2025-07-21 20:02:11.237  INFO [hello-world,,,] 4590 --- [ost-startStop-1] o.s.b.w.servlet.FilterRegistrationBean   : Mapping filter: 'tracingFilter' to: [/*]
2025-07-21 20:02:11.237  INFO [hello-world,,,] 4590 --- [ost-startStop-1] o.s.b.w.servlet.FilterRegistrationBean   : Mapping filter: 'exceptionLoggingFilter' to: [/*]
2025-07-21 20:02:11.243  INFO [hello-world,,,] 4590 --- [ost-startStop-1] o.s.b.w.servlet.FilterRegistrationBean   : Mapping filter: 'hiddenHttpMethodFilter' to: [/*]
2025-07-21 20:02:11.243  INFO [hello-world,,,] 4590 --- [ost-startStop-1] o.s.b.w.servlet.FilterRegistrationBean   : Mapping filter: 'httpPutFormContentFilter' to: [/*]
2025-07-21 20:02:11.243  INFO [hello-world,,,] 4590 --- [ost-startStop-1] o.s.b.w.servlet.FilterRegistrationBean   : Mapping filter: 'requestContextFilter' to: [/*]
2025-07-21 20:02:11.244  INFO [hello-world,,,] 4590 --- [ost-startStop-1] o.s.b.w.servlet.FilterRegistrationBean   : Mapping filter: 'httpTraceFilter' to: [/*]
2025-07-21 20:02:11.250  INFO [hello-world,,,] 4590 --- [ost-startStop-1] o.s.b.w.servlet.ServletRegistrationBean  : Servlet dispatcherServlet mapped to [/]
2025-07-21 20:02:11.909  INFO [hello-world,,,] 4590 --- [           main] com.zaxxer.hikari.HikariDataSource       : HikariPool-1 - Starting...
2025-07-21 20:02:12.693  INFO [hello-world,,,] 4590 --- [           main] com.zaxxer.hikari.HikariDataSource       : HikariPool-1 - Start completed.
2025-07-21 20:02:13.015  INFO [hello-world,,,] 4590 --- [           main] j.LocalContainerEntityManagerFactoryBean : Building JPA container EntityManagerFactory for persistence unit 'default'
2025-07-21 20:02:13.097  INFO [hello-world,,,] 4590 --- [           main] o.hibernate.jpa.internal.util.LogHelper  : HHH000204: Processing PersistenceUnitInfo [
	name: default
	...]
2025-07-21 20:02:13.375  INFO [hello-world,,,] 4590 --- [           main] org.hibernate.Version                    : HHH000412: Hibernate Core {5.2.17.Final}
2025-07-21 20:02:13.380  INFO [hello-world,,,] 4590 --- [           main] org.hibernate.cfg.Environment            : HHH000206: hibernate.properties not found
2025-07-21 20:02:13.568  INFO [hello-world,,,] 4590 --- [           main] o.hibernate.annotations.common.Version   : HCANN000001: Hibernate Commons Annotations {5.0.1.Final}
2025-07-21 20:02:13.996  INFO [hello-world,,,] 4590 --- [           main] org.hibernate.dialect.Dialect            : HHH000400: Using dialect: org.hibernate.dialect.H2Dialect
2025-07-21 20:02:14.957  INFO [hello-world,,,] 4590 --- [           main] o.h.t.schema.internal.SchemaCreatorImpl  : HHH000476: Executing import script 'org.hibernate.tool.schema.internal.exec.ScriptSourceInputNonExistentImpl@7ec5aad'
2025-07-21 20:02:14.968  INFO [hello-world,,,] 4590 --- [           main] j.LocalContainerEntityManagerFactoryBean : Initialized JPA EntityManagerFactory for persistence unit 'default'
2025-07-21 20:02:15.524  INFO [hello-world,,,] 4590 --- [           main] o.s.w.s.handler.SimpleUrlHandlerMapping  : Mapped URL path [/**/favicon.ico] onto handler of type [class org.springframework.web.servlet.resource.ResourceHttpRequestHandler]
2025-07-21 20:02:16.992  INFO [hello-world,,,] 4590 --- [           main] s.w.s.m.m.a.RequestMappingHandlerAdapter : Looking for @ControllerAdvice: org.springframework.boot.web.servlet.context.AnnotationConfigServletWebServerApplicationContext@659a2455: startup date [Mon Jul 21 20:01:57 CEST 2025]; parent: org.springframework.context.annotation.AnnotationConfigApplicationContext@63cd604c
2025-07-21 20:02:17.212  WARN [hello-world,,,] 4590 --- [           main] aWebConfiguration$JpaWebMvcConfiguration : spring.jpa.open-in-view is enabled by default. Therefore, database queries may be performed during view rendering. Explicitly configure spring.jpa.open-in-view to disable this warning
2025-07-21 20:02:17.494  INFO [hello-world,,,] 4590 --- [           main] s.w.s.m.m.a.RequestMappingHandlerMapping : Mapped "{[/],methods=[GET],produces=[application/json;charset=UTF-8]}" onto public java.util.Map<java.lang.String, java.lang.String> com.testing.HelloWorldController.helloWorld() throws java.net.UnknownHostException
2025-07-21 20:02:17.507  INFO [hello-world,,,] 4590 --- [           main] s.w.s.m.m.a.RequestMappingHandlerMapping : Mapped "{[/error]}" onto public org.springframework.http.ResponseEntity<java.util.Map<java.lang.String, java.lang.Object>> org.springframework.boot.autoconfigure.web.servlet.error.BasicErrorController.error(javax.servlet.http.HttpServletRequest)
2025-07-21 20:02:17.507  INFO [hello-world,,,] 4590 --- [           main] s.w.s.m.m.a.RequestMappingHandlerMapping : Mapped "{[/error],produces=[text/html]}" onto public org.springframework.web.servlet.ModelAndView org.springframework.boot.autoconfigure.web.servlet.error.BasicErrorController.errorHtml(javax.servlet.http.HttpServletRequest,javax.servlet.http.HttpServletResponse)
2025-07-21 20:02:17.773  INFO [hello-world,,,] 4590 --- [           main] o.s.w.s.handler.SimpleUrlHandlerMapping  : Mapped URL path [/webjars/**] onto handler of type [class org.springframework.web.servlet.resource.ResourceHttpRequestHandler]
2025-07-21 20:02:17.779  INFO [hello-world,,,] 4590 --- [           main] o.s.w.s.handler.SimpleUrlHandlerMapping  : Mapped URL path [/**] onto handler of type [class org.springframework.web.servlet.resource.ResourceHttpRequestHandler]
2025-07-21 20:02:20.135  INFO [hello-world,,,] 4590 --- [           main] o.s.b.a.e.web.EndpointLinksResolver      : Exposing 4 endpoint(s) beneath base path ''
2025-07-21 20:02:20.173  INFO [hello-world,,,] 4590 --- [           main] s.b.a.e.w.s.WebMvcEndpointHandlerMapping : Mapped "{[/health],methods=[GET],produces=[application/vnd.spring-boot.actuator.v2+json || application/json]}" onto public java.lang.Object org.springframework.boot.actuate.endpoint.web.servlet.AbstractWebMvcEndpointHandlerMapping$OperationHandler.handle(javax.servlet.http.HttpServletRequest,java.util.Map<java.lang.String, java.lang.String>)
2025-07-21 20:02:20.174  INFO [hello-world,,,] 4590 --- [           main] s.b.a.e.w.s.WebMvcEndpointHandlerMapping : Mapped "{[/configprops],methods=[GET],produces=[application/vnd.spring-boot.actuator.v2+json || application/json]}" onto public java.lang.Object org.springframework.boot.actuate.endpoint.web.servlet.AbstractWebMvcEndpointHandlerMapping$OperationHandler.handle(javax.servlet.http.HttpServletRequest,java.util.Map<java.lang.String, java.lang.String>)
2025-07-21 20:02:20.174  INFO [hello-world,,,] 4590 --- [           main] s.b.a.e.w.s.WebMvcEndpointHandlerMapping : Mapped "{[/info],methods=[GET],produces=[application/vnd.spring-boot.actuator.v2+json || application/json]}" onto public java.lang.Object org.springframework.boot.actuate.endpoint.web.servlet.AbstractWebMvcEndpointHandlerMapping$OperationHandler.handle(javax.servlet.http.HttpServletRequest,java.util.Map<java.lang.String, java.lang.String>)
2025-07-21 20:02:20.181  INFO [hello-world,,,] 4590 --- [           main] s.b.a.e.w.s.WebMvcEndpointHandlerMapping : Mapped "{[/metrics],methods=[GET],produces=[application/vnd.spring-boot.actuator.v2+json || application/json]}" onto public java.lang.Object org.springframework.boot.actuate.endpoint.web.servlet.AbstractWebMvcEndpointHandlerMapping$OperationHandler.handle(javax.servlet.http.HttpServletRequest,java.util.Map<java.lang.String, java.lang.String>)
2025-07-21 20:02:20.182  INFO [hello-world,,,] 4590 --- [           main] s.b.a.e.w.s.WebMvcEndpointHandlerMapping : Mapped "{[/metrics/{requiredMetricName}],methods=[GET],produces=[application/vnd.spring-boot.actuator.v2+json || application/json]}" onto public java.lang.Object org.springframework.boot.actuate.endpoint.web.servlet.AbstractWebMvcEndpointHandlerMapping$OperationHandler.handle(javax.servlet.http.HttpServletRequest,java.util.Map<java.lang.String, java.lang.String>)
2025-07-21 20:02:20.974  INFO [hello-world,,,] 4590 --- [           main] o.s.b.w.embedded.tomcat.TomcatWebServer  : Tomcat started on port(s): 43791 (http) with context path ''
2025-07-21 20:02:20.992  INFO [hello-world,,,] 4590 --- [           main] com.testing.HelloWorldIntegrationTest    : Started HelloWorldIntegrationTest in 29.92 seconds (JVM running for 36.284)
2025-07-21 20:02:21.429  INFO [hello-world,,,] 4590 --- [           main] o.s.t.c.transaction.TransactionContext   : Began transaction (1) for test context [DefaultTestContext@17a1e4ca testClass = HelloWorldIntegrationTest, testInstance = com.testing.HelloWorldIntegrationTest@1338fb5, testMethod = responseShouldContainHelloWorldKey@HelloWorldIntegrationTest, testException = [null], mergedContextConfiguration = [WebMergedContextConfiguration@10ded6a9 testClass = HelloWorldIntegrationTest, locations = '{}', classes = '{class com.testing.HelloWorldApplication}', contextInitializerClasses = '[]', activeProfiles = '{}', propertySourceLocations = '{}', propertySourceProperties = '{org.springframework.boot.test.context.SpringBootTestContextBootstrapper=true, server.port=0}', contextCustomizers = set[org.springframework.boot.test.autoconfigure.properties.PropertyMappingContextCustomizer@0, org.springframework.boot.test.autoconfigure.web.servlet.WebDriverContextCustomizerFactory$Customizer@28f3b248, org.springframework.boot.test.context.filter.ExcludeFilterContextCustomizer@57d7f8ca, org.springframework.boot.test.json.DuplicateJsonObjectContextCustomizerFactory$DuplicateJsonObjectContextCustomizer@67c33749, org.springframework.boot.test.mock.mockito.MockitoContextCustomizer@0, org.springframework.boot.test.web.client.TestRestTemplateContextCustomizer@56cdfb3b], resourceBasePath = 'src/main/webapp', contextLoader = 'org.springframework.boot.test.context.SpringBootContextLoader', parent = [null]], attributes = map['org.springframework.test.context.web.ServletTestExecutionListener.activateListener' -> false]]; transaction manager [org.springframework.orm.jpa.JpaTransactionManager@64cdc310]; rollback [true]
2025-07-21 20:02:22.602  INFO [hello-world,,,] 4590 --- [o-auto-1-exec-1] o.a.c.c.C.[Tomcat].[localhost].[/]       : Initializing Spring FrameworkServlet 'dispatcherServlet'
2025-07-21 20:02:22.602  INFO [hello-world,,,] 4590 --- [o-auto-1-exec-1] o.s.web.servlet.DispatcherServlet        : FrameworkServlet 'dispatcherServlet': initialization started
2025-07-21 20:02:22.695  INFO [hello-world,,,] 4590 --- [o-auto-1-exec-1] o.s.web.servlet.DispatcherServlet        : FrameworkServlet 'dispatcherServlet': initialization completed in 93 ms
2025-07-21 20:02:22.938  INFO [hello-world,036587379b8f0ccc,036587379b8f0ccc,true] 4590 --- [o-auto-1-exec-1] com.testing.HelloWorldController         : Returning {hostname=arnaudthovert-VirtualBox, ip=127.0.1.1, message=Hello World!}
2025-07-21 20:02:23.355  INFO [hello-world,,,] 4590 --- [           main] o.s.t.c.transaction.TransactionContext   : Rolled back transaction for test: [DefaultTestContext@17a1e4ca testClass = HelloWorldIntegrationTest, testInstance = com.testing.HelloWorldIntegrationTest@1338fb5, testMethod = responseShouldContainHelloWorldKey@HelloWorldIntegrationTest, testException = [null], mergedContextConfiguration = [WebMergedContextConfiguration@10ded6a9 testClass = HelloWorldIntegrationTest, locations = '{}', classes = '{class com.testing.HelloWorldApplication}', contextInitializerClasses = '[]', activeProfiles = '{}', propertySourceLocations = '{}', propertySourceProperties = '{org.springframework.boot.test.context.SpringBootTestContextBootstrapper=true, server.port=0}', contextCustomizers = set[org.springframework.boot.test.autoconfigure.properties.PropertyMappingContextCustomizer@0, org.springframework.boot.test.autoconfigure.web.servlet.WebDriverContextCustomizerFactory$Customizer@28f3b248, org.springframework.boot.test.context.filter.ExcludeFilterContextCustomizer@57d7f8ca, org.springframework.boot.test.json.DuplicateJsonObjectContextCustomizerFactory$DuplicateJsonObjectContextCustomizer@67c33749, org.springframework.boot.test.mock.mockito.MockitoContextCustomizer@0, org.springframework.boot.test.web.client.TestRestTemplateContextCustomizer@56cdfb3b], resourceBasePath = 'src/main/webapp', contextLoader = 'org.springframework.boot.test.context.SpringBootContextLoader', parent = [null]], attributes = map['org.springframework.test.context.web.ServletTestExecutionListener.activateListener' -> false]]
]]></system-out>
  </testcase>
</testsuite>