<?xml version="1.0" encoding="UTF-8"?>
<testsuite xmlns:xsi="http://www.w3.org/2001/XMLSchema-instance" xsi:noNamespaceSchemaLocation="https://maven.apache.org/surefire/maven-surefire-plugin/xsd/surefire-test-report-3.0.xsd" version="3.0" name="com.testing.HelloWorldControllerTest" time="0.299" tests="1" errors="0" skipped="0" failures="0">
  <properties>
[...]
</properties>
  <testcase name="responseShouldContainHelloWorldKey" classname="com.testing.HelloWorldControllerTest" time="0.099">
    <system-out><![CDATA[2025-07-21 20:02:23.582  INFO [hello-world,,,] 4590 --- [           main] com.testing.HelloWorldController         : Returning {hostname=arnaudthovert-VirtualBox, ip=127.0.1.1, message=Hello World!}
]]></system-out>
  </testcase>
</testsuite>